#
# A fatal error has been detected by the Java Runtime Environment:
#
#  EXCEPTION_ACCESS_VIOLATION (0xc0000005) at pc=0x00007ff86afa4594, pid=25176, tid=43180
#
# JRE version: OpenJDK Runtime Environment Corretto-11.0.11.9.1 (11.0.11+9) (build 11.0.11+9-LTS)
# Java VM: OpenJDK 64-Bit Server VM Corretto-11.0.11.9.1 (11.0.11+9-LTS, mixed mode, tiered, compressed oops, g1 gc, windows-amd64)
# Problematic frame:
# V  [jvm.dll+0x2d4594]
#
# No core dump will be written. Minidumps are not enabled by default on client versions of Windows
#
# If you would like to submit a bug report, please visit:
#   https://github.com/corretto/corretto-11/issues/
#

---------------  S U M M A R Y ------------

Command Line: --add-opens=java.base/java.util=ALL-UNNAMED --add-opens=java.base/java.lang=ALL-UNNAMED --add-opens=java.base/java.lang.invoke=ALL-UNNAMED --add-opens=java.prefs/java.util.prefs=ALL-UNNAMED -XX:MaxMetaspaceSize=256m -XX:+HeapDumpOnOutOfMemoryError -Xms256m -Xmx512m -Dfile.encoding=windows-1252 -Duser.country=US -Duser.language=en -Duser.variant org.gradle.launcher.daemon.bootstrap.GradleDaemon 6.7

Host: Intel(R) Core(TM) i5-2520M CPU @ 2.50GHz, 4 cores, 7G,  Windows 10 , 64 bit Build 19041 (10.0.19041.1023)
Time: Mon Aug  9 10:32:33 2021 Sri Lanka Standard Time elapsed time: 3539.132484 seconds (0d 0h 58m 59s)

---------------  T H R E A D  ---------------

Current thread (0x0000022b3eedf800):  GCTaskThread "GC Thread#2" [stack: 0x000000ff48200000,0x000000ff48300000] [id=43180]

Stack: [0x000000ff48200000,0x000000ff48300000],  sp=0x000000ff482ff570,  free space=1021k
Native frames: (J=compiled Java code, j=interpreted, Vv=VM code, C=native code)
V  [jvm.dll+0x2d4594]
V  [jvm.dll+0x2d3f16]
V  [jvm.dll+0x2d21f3]
V  [jvm.dll+0x2d645e]
V  [jvm.dll+0x2d65e3]
V  [jvm.dll+0x2fdb9b]
V  [jvm.dll+0x2d8b17]
V  [jvm.dll+0x2dd1b5]
V  [jvm.dll+0x7ae1e0]
V  [jvm.dll+0x73e694]
V  [jvm.dll+0x5f74f6]
C  [ucrtbase.dll+0x21bb2]
C  [KERNEL32.DLL+0x17034]
C  [ntdll.dll+0x52651]


siginfo: EXCEPTION_ACCESS_VIOLATION (0xc0000005), reading address 0x0000000000000119


Register to memory mapping:

RIP=0x00007ff86afa4594 jvm.dll
RAX=0x0000000000000001 is an unknown value
RBX=0x0000022b4e581b40 points into unknown readable memory: 0x00007ff86b558608 | 08 86 55 6b f8 7f 00 00
RCX=0x0000000000000014 is an unknown value
RDX=0x0000000100000000 is pointing into metadata
RSP=0x000000ff482ff570 points into unknown readable memory: 0x000000ff482ff658 | 58 f6 2f 48 ff 00 00 00
RBP=0x0000022b4e581cb0 points into unknown readable memory: 0x00007ff86b5585c0 | c0 85 55 6b f8 7f 00 00
RSI=0x0000022b4e581cb0 points into unknown readable memory: 0x00007ff86b5585c0 | c0 85 55 6b f8 7f 00 00
RDI=0x00000000eaee1fa8 is pointing into object: [Ljava.lang.Object; 
{0x00000000eaee1a18} - klass: 'java/lang/Object'[]
 - length: 4097
R8 =0x00000000eaee1fa8 is pointing into object: [Ljava.lang.Object; 
{0x00000000eaee1a18} - klass: 'java/lang/Object'[]
 - length: 4097
R9 =0x0000000000000020 is an unknown value
R10=0x000000000000000c is an unknown value
R11=0x0000000000000001 is an unknown value
R12=0x0000022b3eb02220 points into unknown readable memory: 0x0000022b413420a4 | a4 20 34 41 2b 02 00 00
R13=0x00000000000003d8 is an unknown value
R14=0x00000000eaee2068 is pointing into object: [Ljava.lang.Object; 
{0x00000000eaee1a18} - klass: 'java/lang/Object'[]
 - length: 4097
R15=0x000000000000015e is an unknown value


Registers:
RAX=0x0000000000000001, RBX=0x0000022b4e581b40, RCX=0x0000000000000014, RDX=0x0000000100000000
RSP=0x000000ff482ff570, RBP=0x0000022b4e581cb0, RSI=0x0000022b4e581cb0, RDI=0x00000000eaee1fa8
R8 =0x00000000eaee1fa8, R9 =0x0000000000000020, R10=0x000000000000000c, R11=0x0000000000000001
R12=0x0000022b3eb02220, R13=0x00000000000003d8, R14=0x00000000eaee2068, R15=0x000000000000015e
RIP=0x00007ff86afa4594, EFLAGS=0x0000000000010202

Top of Stack: (sp=0x000000ff482ff570)
0x000000ff482ff570:   000000ff482ff658 0000022b4e581cb0
0x000000ff482ff580:   00000000ee03a152 00007ff86afa21f3
0x000000ff482ff590:   00000000ee03a152 00007ff86afa3f16
0x000000ff482ff5a0:   00000000eaee1fa4 00000000eaee1e85
0x000000ff482ff5b0:   0000000000000032 00000000ee03a152
0x000000ff482ff5c0:   0000000000000190 00007ff86afa21f3
0x000000ff482ff5d0:   00000000ee03a152 0000022b4e581cb0
0x000000ff482ff5e0:   0000022b4e581b40 0000000000000190
0x000000ff482ff5f0:   0000080700000190 00007ff80000000b
0x000000ff482ff600:   00000000eaee1a18 00007ff86afa645e
0x000000ff482ff610:   0000022b4e581b40 00000000ee03a152
0x000000ff482ff620:   0000022b23107f30 00000000000003d8
0x000000ff482ff630:   0000022b4e581b40 000000ff482ff7b0
0x000000ff482ff640:   00000000ee03a152 00007ff86afa65e3
0x000000ff482ff650:   0000022b4e581b40 0000022b23107fb0
0x000000ff482ff660:   0000000000000000 00000000eae582bc 

Instructions: (pc=0x00007ff86afa4594)
0x00007ff86afa4494:   24 30 48 83 c4 20 5f c3 cc cc cc cc 48 89 5c 24
0x00007ff86afa44a4:   08 57 48 83 ec 20 48 8b 41 18 48 8b fa 48 8b 58
0x00007ff86afa44b4:   10 48 8b cb e8 93 7c 00 00 84 c0 75 29 48 81 c3
0x00007ff86afa44c4:   90 00 00 00 48 8b 4b 20 48 3b 4b 08 75 0c 48 8b
0x00007ff86afa44d4:   cb e8 c6 35 f6 ff 48 8b 4b 20 48 8b 43 38 48 89
0x00007ff86afa44e4:   3c c8 48 ff 43 20 48 8b 5c 24 30 48 83 c4 20 5f
0x00007ff86afa44f4:   c3 cc cc cc cc cc cc cc cc cc cc cc 48 89 5c 24
0x00007ff86afa4504:   08 57 48 83 ec 20 48 8b 79 10 48 8b da 48 83 cb
0x00007ff86afa4514:   01 48 8b cf 48 8b d3 e8 30 7c 00 00 84 c0 75 29
0x00007ff86afa4524:   48 81 c7 90 00 00 00 48 8b 4f 20 48 3b 4f 08 75
0x00007ff86afa4534:   0c 48 8b cf e8 63 35 f6 ff 48 8b 4f 20 48 8b 47
0x00007ff86afa4544:   38 48 89 1c c8 48 ff 47 20 48 8b 5c 24 30 48 83
0x00007ff86afa4554:   c4 20 5f c3 cc cc cc cc cc cc cc cc 40 53 48 83
0x00007ff86afa4564:   ec 20 8b 82 04 01 00 00 48 8b d9 d1 e8 a8 01 75
0x00007ff86afa4574:   6b 48 8b 41 08 8b 88 c0 02 00 00 48 8b 80 b0 02
0x00007ff86afa4584:   00 00 49 d3 e9 4a 8b 14 c8 48 8b 82 f8 00 00 00
0x00007ff86afa4594:   83 b8 18 01 00 00 00 74 43 48 8b 4b 50 48 89 7c
0x00007ff86afa45a4:   24 30 49 c1 e8 09 48 8b 79 48 48 2b 79 40 49 03
0x00007ff86afa45b4:   f8 48 8b d7 e8 d3 ca ff ff 84 c0 74 1a 80 7b 28
0x00007ff86afa45c4:   00 48 8d 4b 18 74 10 48 8b 43 50 48 8b 50 40 48
0x00007ff86afa45d4:   03 d7 e8 55 dd 36 00 48 8b 7c 24 30 48 83 c4 20
0x00007ff86afa45e4:   5b c3 cc cc cc cc cc cc cc cc cc cc 40 53 48 83
0x00007ff86afa45f4:   ec 50 48 89 74 24 68 48 8b d9 48 89 7c 24 70 48
0x00007ff86afa4604:   8b fa 4c 89 6c 24 40 4c 89 74 24 38 e8 eb 96 f1
0x00007ff86afa4614:   ff 48 8d 05 54 e0 5a 00 48 89 7b 58 45 33 ed 48
0x00007ff86afa4624:   89 03 48 8d 4b 68 4c 89 6b 48 4c 89 6b 60 e8 d9
0x00007ff86afa4634:   59 3f 00 48 8d 4b 78 4c 8d 05 46 5b 59 00 48 8d
0x00007ff86afa4644:   15 bf e9 5a 00 e8 42 90 2c 00 48 8d 8b 40 01 00
0x00007ff86afa4654:   00 4c 8d 05 3c 5b 59 00 48 8d 15 bd e9 5a 00 e8
0x00007ff86afa4664:   28 90 2c 00 41 8d 55 05 4c 89 ab 08 02 00 00 45
0x00007ff86afa4674:   33 c0 4c 89 ab 10 02 00 00 4c 89 ab 18 02 00 00
0x00007ff86afa4684:   8d 4a 03 e8 74 0b de ff 48 85 c0 74 0c 48 8d 0d 


Stack slot to memory mapping:
stack at sp + 0 slots: 0x000000ff482ff658 points into unknown readable memory: 0x0000022b23107fb0 | b0 7f 10 23 2b 02 00 00
stack at sp + 1 slots: 0x0000022b4e581cb0 points into unknown readable memory: 0x00007ff86b5585c0 | c0 85 55 6b f8 7f 00 00
stack at sp + 2 slots: 0x00000000ee03a152 is pointing into object: [Ljava.lang.Object; 
{0x00000000ee03a150} - klass: 'java/lang/Object'[]
 - length: 4097
stack at sp + 3 slots: 0x00007ff86afa21f3 jvm.dll
stack at sp + 4 slots: 0x00000000ee03a152 is pointing into object: [Ljava.lang.Object; 
{0x00000000ee03a150} - klass: 'java/lang/Object'[]
 - length: 4097
stack at sp + 5 slots: 0x00007ff86afa3f16 jvm.dll
stack at sp + 6 slots: 0x00000000eaee1fa4 is pointing into object: [Ljava.lang.Object; 
{0x00000000eaee1a18} - klass: 'java/lang/Object'[]
 - length: 4097
stack at sp + 7 slots: 0x00000000eaee1e85 is pointing into object: [Ljava.lang.Object; 
{0x00000000eaee1a18} - klass: 'java/lang/Object'[]
 - length: 4097


---------------  P R O C E S S  ---------------

Threads class SMR info:
_java_thread_list=0x0000022b3fb19790, length=62, elements={
0x0000022b230ed000, 0x0000022b3e011800, 0x0000022b3e01a800, 0x0000022b3e02f000,
0x0000022b3e031000, 0x0000022b3e032000, 0x0000022b3e03f000, 0x0000022b3e043800,
0x0000022b3e045800, 0x0000022b3eaf5800, 0x0000022b408eb800, 0x0000022b40082800,
0x0000022b40375000, 0x0000022b40ab9800, 0x0000022b40ac0000, 0x0000022b40abf800,
0x0000022b4506d000, 0x0000022b4506e800, 0x0000022b42f3b000, 0x0000022b4506c000,
0x0000022b42f42000, 0x0000022b48630000, 0x0000022b45433800, 0x0000022b45437800,
0x0000022b4588d000, 0x0000022b4588b800, 0x0000022b4588e000, 0x0000022b4588c000,
0x0000022b45888000, 0x0000022b4588a000, 0x0000022b4588e800, 0x0000022b4588a800,
0x0000022b45889000, 0x0000022b45893800, 0x0000022b45890800, 0x0000022b45894800,
0x0000022b4588f800, 0x0000022b45896000, 0x0000022b45892000, 0x0000022b45891000,
0x0000022b40abe800, 0x0000022b40abd800, 0x0000022b40aba800, 0x0000022b45d97000,
0x0000022b45895000, 0x0000022b430b1800, 0x0000022b430b0000, 0x0000022b40abc000,
0x0000022b45d94800, 0x0000022b48b6e000, 0x0000022b48b6d800, 0x0000022b48b70000,
0x0000022b48b70800, 0x0000022b48b6f000, 0x0000022b48b6b800, 0x0000022b48b71800,
0x0000022b48b75800, 0x0000022b48b78000, 0x0000022b48b76800, 0x0000022b48b74800,
0x0000022b48b78800, 0x0000022b48b77000
}

Java Threads: ( => current thread )
  0x0000022b230ed000 JavaThread "main" [_thread_blocked, id=25964, stack(0x000000ff46f00000,0x000000ff47000000)]
  0x0000022b3e011800 JavaThread "Reference Handler" daemon [_thread_blocked, id=29896, stack(0x000000ff47600000,0x000000ff47700000)]
  0x0000022b3e01a800 JavaThread "Finalizer" daemon [_thread_blocked, id=40396, stack(0x000000ff47700000,0x000000ff47800000)]
  0x0000022b3e02f000 JavaThread "Signal Dispatcher" daemon [_thread_blocked, id=27284, stack(0x000000ff47800000,0x000000ff47900000)]
  0x0000022b3e031000 JavaThread "Attach Listener" daemon [_thread_blocked, id=45120, stack(0x000000ff47900000,0x000000ff47a00000)]
  0x0000022b3e032000 JavaThread "Service Thread" daemon [_thread_blocked, id=24128, stack(0x000000ff47a00000,0x000000ff47b00000)]
  0x0000022b3e03f000 JavaThread "C2 CompilerThread0" daemon [_thread_blocked, id=5424, stack(0x000000ff47b00000,0x000000ff47c00000)]
  0x0000022b3e043800 JavaThread "C1 CompilerThread0" daemon [_thread_blocked, id=37568, stack(0x000000ff47c00000,0x000000ff47d00000)]
  0x0000022b3e045800 JavaThread "Sweeper thread" daemon [_thread_blocked, id=30396, stack(0x000000ff47d00000,0x000000ff47e00000)]
  0x0000022b3eaf5800 JavaThread "Common-Cleaner" daemon [_thread_blocked, id=46560, stack(0x000000ff47e00000,0x000000ff47f00000)]
  0x0000022b408eb800 JavaThread "Daemon health stats" [_thread_blocked, id=8428, stack(0x000000ff48400000,0x000000ff48500000)]
  0x0000022b40082800 JavaThread "Incoming local TCP Connector on port 63527" [_thread_in_native, id=45220, stack(0x000000ff48600000,0x000000ff48700000)]
  0x0000022b40375000 JavaThread "Daemon periodic checks" [_thread_blocked, id=42560, stack(0x000000ff48700000,0x000000ff48800000)]
  0x0000022b40ab9800 JavaThread "Cache worker for file hash cache (C:\Users\E6420\.gradle\caches\6.7\fileHashes)" [_thread_blocked, id=35148, stack(0x000000ff48f00000,0x000000ff49000000)]
  0x0000022b40ac0000 JavaThread "File lock request listener" [_thread_in_native, id=2568, stack(0x000000ff49000000,0x000000ff49100000)]
  0x0000022b40abf800 JavaThread "Cache worker for journal cache (C:\Users\E6420\.gradle\caches\journal-1)" [_thread_blocked, id=22048, stack(0x000000ff49100000,0x000000ff49200000)]
  0x0000022b4506d000 JavaThread "Cache worker for execution history cache (C:\Users\E6420\.gradle\caches\6.7\executionHistory)" [_thread_blocked, id=10860, stack(0x000000ff49700000,0x000000ff49800000)]
  0x0000022b4506e800 JavaThread "Cache worker for file content cache (C:\Users\E6420\.gradle\caches\6.7\fileContent)" [_thread_blocked, id=33188, stack(0x000000ff49900000,0x000000ff49a00000)]
  0x0000022b42f3b000 JavaThread "Memory manager" [_thread_blocked, id=29560, stack(0x000000ff4fb00000,0x000000ff4fc00000)]
  0x0000022b4506c000 JavaThread "Monitor" [_thread_in_native, id=9644, stack(0x000000ff50000000,0x000000ff50100000)]
  0x0000022b42f42000 JavaThread "JdwpProxyConnection" [_thread_in_native, id=14716, stack(0x000000ff49200000,0x000000ff49300000)]
  0x0000022b48630000 JavaThread "Device List Monitor" [_thread_in_native, id=12892, stack(0x000000ff50100000,0x000000ff50200000)]
  0x0000022b45433800 JavaThread "Cache worker for Java compile cache (C:\Users\E6420\.gradle\caches\6.7\javaCompile)" [_thread_blocked, id=45000, stack(0x000000ff50500000,0x000000ff50600000)]
  0x0000022b45437800 JavaThread "ForkJoinPool.commonPool-worker-7" daemon [_thread_blocked, id=8912, stack(0x000000ff50200000,0x000000ff50300000)]
  0x0000022b4588d000 JavaThread "Daemon Thread 4" [_thread_blocked, id=11752, stack(0x000000ff46d00000,0x000000ff46e00000)]
  0x0000022b4588b800 JavaThread "Handler for socket connection from /127.0.0.1:63527 to /127.0.0.1:54940" [_thread_in_native, id=31924, stack(0x000000ff46e00000,0x000000ff46f00000)]
  0x0000022b4588e000 JavaThread "Cancel handler" [_thread_blocked, id=6652, stack(0x000000ff48000000,0x000000ff48100000)]
  0x0000022b4588c000 JavaThread "Daemon worker Thread 4" [_thread_blocked, id=11076, stack(0x000000ff48500000,0x000000ff48600000)]
  0x0000022b45888000 JavaThread "Asynchronous log dispatcher for DefaultDaemonConnection: socket connection from /127.0.0.1:63527 to /127.0.0.1:54940" [_thread_blocked, id=20152, stack(0x000000ff48800000,0x000000ff48900000)]
  0x0000022b4588a000 JavaThread "Stdin handler" [_thread_blocked, id=42300, stack(0x000000ff48900000,0x000000ff48a00000)]
  0x0000022b4588e800 JavaThread "Thread-362" [_thread_blocked, id=44652, stack(0x000000ff48a00000,0x000000ff48b00000)]
  0x0000022b4588a800 JavaThread "Cache worker for file hash cache (D:\important\React\reactNative\fbapp\android\.gradle\6.7\fileHashes)" [_thread_blocked, id=40516, stack(0x000000ff48b00000,0x000000ff48c00000)]
  0x0000022b45889000 JavaThread "Cache worker for checksums cache (D:\important\React\reactNative\fbapp\android\.gradle\checksums)" [_thread_blocked, id=15916, stack(0x000000ff48c00000,0x000000ff48d00000)]
  0x0000022b45893800 JavaThread "Cache worker for cache directory md-supplier (C:\Users\E6420\.gradle\caches\6.7\md-supplier)" [_thread_blocked, id=32156, stack(0x000000ff48d00000,0x000000ff48e00000)]
  0x0000022b45890800 JavaThread "Cache worker for cache directory md-rule (C:\Users\E6420\.gradle\caches\6.7\md-rule)" [_thread_blocked, id=34988, stack(0x000000ff48e00000,0x000000ff48f00000)]
  0x0000022b45894800 JavaThread "Cache worker for Build Output Cleanup Cache (D:\important\React\reactNative\fbapp\android\.gradle\buildOutputCleanup)" [_thread_blocked, id=30452, stack(0x000000ff49500000,0x000000ff49600000)]
  0x0000022b4588f800 JavaThread "Build operations" [_thread_blocked, id=17520, stack(0x000000ff49b00000,0x000000ff49c00000)]
  0x0000022b45896000 JavaThread "Build operations Thread 2" [_thread_blocked, id=21148, stack(0x000000ff49c00000,0x000000ff49d00000)]
  0x0000022b45892000 JavaThread "Build operations Thread 3" [_thread_blocked, id=36200, stack(0x000000ff49400000,0x000000ff49500000)]
  0x0000022b45891000 JavaThread "Build operations Thread 4" [_thread_blocked, id=6516, stack(0x000000ff49d00000,0x000000ff49e00000)]
  0x0000022b40abe800 JavaThread "pool-6-thread-1" [_thread_blocked, id=29924, stack(0x000000ff4fd00000,0x000000ff4fe00000)]
  0x0000022b40abd800 JavaThread "Execution worker for ':'" [_thread_blocked, id=6992, stack(0x000000ff4fe00000,0x000000ff4ff00000)]
  0x0000022b40aba800 JavaThread "Execution worker for ':' Thread 2" [_thread_blocked, id=10008, stack(0x000000ff4ff00000,0x000000ff50000000)]
  0x0000022b45d97000 JavaThread "Execution worker for ':' Thread 3" [_thread_blocked, id=26388, stack(0x000000ff50300000,0x000000ff50400000)]
  0x0000022b45895000 JavaThread "Cache worker for execution history cache (D:\important\React\reactNative\fbapp\android\.gradle\6.7\executionHistory)" [_thread_blocked, id=45532, stack(0x000000ff50400000,0x000000ff50500000)]
  0x0000022b430b1800 JavaThread "WorkerExecutor Queue Thread 3" [_thread_blocked, id=21944, stack(0x000000ff50700000,0x000000ff50800000)]
  0x0000022b430b0000 JavaThread "WorkerExecutor Queue Thread 4" [_thread_blocked, id=8208, stack(0x000000ff50800000,0x000000ff50900000)]
  0x0000022b40abc000 JavaThread "pool-8-thread-1" [_thread_blocked, id=48092, stack(0x000000ff50a00000,0x000000ff50b00000)]
  0x0000022b45d94800 JavaThread "stderr" [_thread_in_native, id=15316, stack(0x000000ff50b00000,0x000000ff50c00000)]
  0x0000022b48b6e000 JavaThread "stdout" [_thread_in_native, id=7968, stack(0x000000ff50c00000,0x000000ff50d00000)]
  0x0000022b48b6d800 JavaThread "stderr" [_thread_in_native, id=21672, stack(0x000000ff50900000,0x000000ff50a00000)]
  0x0000022b48b70000 JavaThread "stdout" [_thread_in_native, id=32700, stack(0x000000ff50d00000,0x000000ff50e00000)]
  0x0000022b48b70800 JavaThread "stderr" [_thread_in_native, id=41948, stack(0x000000ff50e00000,0x000000ff50f00000)]
  0x0000022b48b6f000 JavaThread "stdout" [_thread_in_native, id=39588, stack(0x000000ff50f00000,0x000000ff51000000)]
  0x0000022b48b6b800 JavaThread "stderr" [_thread_in_native, id=39216, stack(0x000000ff51000000,0x000000ff51100000)]
  0x0000022b48b71800 JavaThread "stdout" [_thread_in_native, id=21872, stack(0x000000ff51100000,0x000000ff51200000)]
  0x0000022b48b75800 JavaThread "ForkJoinPool-2-worker-3" daemon [_thread_blocked, id=37084, stack(0x000000ff49800000,0x000000ff49900000)]
  0x0000022b48b78000 JavaThread "ForkJoinPool-2-worker-5" daemon [_thread_blocked, id=8636, stack(0x000000ff51200000,0x000000ff51300000)]
  0x0000022b48b76800 JavaThread "ForkJoinPool-2-worker-7" daemon [_thread_blocked, id=39164, stack(0x000000ff51300000,0x000000ff51400000)]
  0x0000022b48b74800 JavaThread "Cache worker for Java compile cache (D:\important\React\reactNative\fbapp\android\.gradle\6.7\javaCompile)" [_thread_blocked, id=14668, stack(0x000000ff49600000,0x000000ff49700000)]
  0x0000022b48b78800 JavaThread "WorkerExecutor Queue Thread 5" [_thread_blocked, id=23372, stack(0x000000ff49e00000,0x000000ff49f00000)]
  0x0000022b48b77000 JavaThread "C2 CompilerThread1" daemon [_thread_blocked, id=37000, stack(0x000000ff49300000,0x000000ff49400000)]

Other Threads:
  0x0000022b3dfec800 VMThread "VM Thread" [stack: 0x000000ff47500000,0x000000ff47600000] [id=9252]
  0x0000022b3eafe800 WatcherThread [stack: 0x000000ff47f00000,0x000000ff48000000] [id=22076]
  0x0000022b23107000 GCTaskThread "GC Thread#0" [stack: 0x000000ff47000000,0x000000ff47100000] [id=44524]
  0x0000022b3eee2000 GCTaskThread "GC Thread#1" [stack: 0x000000ff48100000,0x000000ff48200000] [id=40584]
=>0x0000022b3eedf800 GCTaskThread "GC Thread#2" [stack: 0x000000ff48200000,0x000000ff48300000] [id=43180]
  0x0000022b3f441800 GCTaskThread "GC Thread#3" [stack: 0x000000ff48300000,0x000000ff48400000] [id=31704]
  0x0000022b23116800 ConcurrentGCThread "G1 Main Marker" [stack: 0x000000ff47100000,0x000000ff47200000] [id=18556]
  0x0000022b23119000 ConcurrentGCThread "G1 Conc#0" [stack: 0x000000ff47200000,0x000000ff47300000] [id=12092]
  0x0000022b3de8a800 ConcurrentGCThread "G1 Refine#0" [stack: 0x000000ff47300000,0x000000ff47400000] [id=31092]
  0x0000022b4623d800 ConcurrentGCThread "G1 Refine#1" [stack: 0x000000ff46c00000,0x000000ff46d00000] [id=46668]
  0x0000022b3de8b800 ConcurrentGCThread "G1 Young RemSet Sampling" [stack: 0x000000ff47400000,0x000000ff47500000] [id=2252]

Threads with active compile tasks:
C2 CompilerThread03539297 34681       4       com.android.tools.r8.s.a.p.t::a (119 bytes)
C2 CompilerThread13539297 34460       4       com.android.tools.r8.ir.conversion.N::a (3065 bytes)

VM state:at safepoint (normal execution)

VM Mutex/Monitor currently owned by a thread:  ([mutex/lock_event])
[0x0000022b230ea660] Threads_lock - owner thread: 0x0000022b3dfec800
[0x0000022b230e9d60] Heap_lock - owner thread: 0x0000022b4588f800

Heap address: 0x00000000e0000000, size: 512 MB, Compressed Oops mode: 32-bit
Narrow klass base: 0x0000000000000000, Narrow klass shift: 3
Compressed class space size: 260046848 Address: 0x0000000100000000

Heap:
 garbage-first heap   total 369664K, used 194046K [0x00000000e0000000, 0x0000000100000000)
  region size 1024K, 10 young (10240K), 3 survivors (3072K)
 Metaspace       used 166334K, capacity 171581K, committed 171820K, reserved 403456K
  class space    used 20507K, capacity 22577K, committed 22656K, reserved 253952K
Heap Regions: E=young(eden), S=young(survivor), O=old, HS=humongous(starts), HC=humongous(continues), CS=collection set, F=free, A=archive, TAMS=top-at-mark-start (previous, next)
|   0|0x00000000e0000000, 0x00000000e0100000, 0x00000000e0100000|100%| O|  |TAMS 0x00000000e0100000, 0x00000000e0000000| Untracked 
|   1|0x00000000e0100000, 0x00000000e0200000, 0x00000000e0200000|100%| O|  |TAMS 0x00000000e0200000, 0x00000000e0100000| Complete 
|   2|0x00000000e0200000, 0x00000000e0300000, 0x00000000e0300000|100%| O|  |TAMS 0x00000000e0300000, 0x00000000e0200000| Complete 
|   3|0x00000000e0300000, 0x00000000e0400000, 0x00000000e0400000|100%|HS|  |TAMS 0x00000000e0400000, 0x00000000e0300000| Complete 
|   4|0x00000000e0400000, 0x00000000e0500000, 0x00000000e0500000|100%|HC|  |TAMS 0x00000000e0500000, 0x00000000e0400000| Complete 
|   5|0x00000000e0500000, 0x00000000e0600000, 0x00000000e0600000|100%|HC|  |TAMS 0x00000000e0600000, 0x00000000e0500000| Complete 
|   6|0x00000000e0600000, 0x00000000e0700000, 0x00000000e0700000|100%| O|  |TAMS 0x00000000e0700000, 0x00000000e0600000| Untracked 
|   7|0x00000000e0700000, 0x00000000e0800000, 0x00000000e0800000|100%| O|  |TAMS 0x00000000e0800000, 0x00000000e0700000| Untracked 
|   8|0x00000000e0800000, 0x00000000e0900000, 0x00000000e0900000|100%| O|  |TAMS 0x00000000e0900000, 0x00000000e0800000| Untracked 
|   9|0x00000000e0900000, 0x00000000e0a00000, 0x00000000e0a00000|100%| O|  |TAMS 0x00000000e0a00000, 0x00000000e0900000| Untracked 
|  10|0x00000000e0a00000, 0x00000000e0b00000, 0x00000000e0b00000|100%| O|  |TAMS 0x00000000e0b00000, 0x00000000e0a00000| Untracked 
|  11|0x00000000e0b00000, 0x00000000e0c00000, 0x00000000e0c00000|100%| O|  |TAMS 0x00000000e0c00000, 0x00000000e0b00000| Complete 
|  12|0x00000000e0c00000, 0x00000000e0d00000, 0x00000000e0d00000|100%| O|  |TAMS 0x00000000e0d00000, 0x00000000e0c00000| Untracked 
|  13|0x00000000e0d00000, 0x00000000e0e00000, 0x00000000e0e00000|100%|HS|  |TAMS 0x00000000e0e00000, 0x00000000e0d00000| Complete 
|  14|0x00000000e0e00000, 0x00000000e0f00000, 0x00000000e0f00000|100%|HS|  |TAMS 0x00000000e0f00000, 0x00000000e0e00000| Complete 
|  15|0x00000000e0f00000, 0x00000000e1000000, 0x00000000e1000000|100%|HC|  |TAMS 0x00000000e1000000, 0x00000000e0f00000| Complete 
|  16|0x00000000e1000000, 0x00000000e1100000, 0x00000000e1100000|100%| O|  |TAMS 0x00000000e1100000, 0x00000000e1000000| Complete 
|  17|0x00000000e1100000, 0x00000000e1200000, 0x00000000e1200000|100%| O|  |TAMS 0x00000000e1200000, 0x00000000e1100000| Complete 
|  18|0x00000000e1200000, 0x00000000e1300000, 0x00000000e1300000|100%| O|  |TAMS 0x00000000e1300000, 0x00000000e1200000| Complete 
|  19|0x00000000e1300000, 0x00000000e1400000, 0x00000000e1400000|100%| O|  |TAMS 0x00000000e1400000, 0x00000000e1300000| Complete 
|  20|0x00000000e1400000, 0x00000000e1500000, 0x00000000e1500000|100%| O|  |TAMS 0x00000000e1500000, 0x00000000e1400000| Untracked 
|  21|0x00000000e1500000, 0x00000000e1600000, 0x00000000e1600000|100%| O|  |TAMS 0x00000000e1600000, 0x00000000e1500000| Complete 
|  22|0x00000000e1600000, 0x00000000e1700000, 0x00000000e1700000|100%| O|  |TAMS 0x00000000e1700000, 0x00000000e1600000| Complete 
|  23|0x00000000e1700000, 0x00000000e1800000, 0x00000000e1800000|100%| O|  |TAMS 0x00000000e1800000, 0x00000000e1700000| Untracked 
|  24|0x00000000e1800000, 0x00000000e1900000, 0x00000000e1900000|100%| O|  |TAMS 0x00000000e1900000, 0x00000000e1800000| Complete 
|  25|0x00000000e1900000, 0x00000000e1a00000, 0x00000000e1a00000|100%| O|  |TAMS 0x00000000e1a00000, 0x00000000e1900000| Complete 
|  26|0x00000000e1a00000, 0x00000000e1b00000, 0x00000000e1b00000|100%| O|  |TAMS 0x00000000e1b00000, 0x00000000e1a00000| Complete 
|  27|0x00000000e1b00000, 0x00000000e1c00000, 0x00000000e1c00000|100%| O|  |TAMS 0x00000000e1c00000, 0x00000000e1b00000| Untracked 
|  28|0x00000000e1c00000, 0x00000000e1d00000, 0x00000000e1d00000|100%| O|  |TAMS 0x00000000e1d00000, 0x00000000e1c00000| Complete 
|  29|0x00000000e1d00000, 0x00000000e1e00000, 0x00000000e1e00000|100%| O|  |TAMS 0x00000000e1e00000, 0x00000000e1d00000| Untracked 
|  30|0x00000000e1e00000, 0x00000000e1f00000, 0x00000000e1f00000|100%| O|  |TAMS 0x00000000e1f00000, 0x00000000e1e00000| Untracked 
|  31|0x00000000e1f00000, 0x00000000e2000000, 0x00000000e2000000|100%| O|  |TAMS 0x00000000e2000000, 0x00000000e1f00000| Complete 
|  32|0x00000000e2000000, 0x00000000e2100000, 0x00000000e2100000|100%| O|  |TAMS 0x00000000e2100000, 0x00000000e2000000| Untracked 
|  33|0x00000000e2100000, 0x00000000e2200000, 0x00000000e2200000|100%| O|  |TAMS 0x00000000e2200000, 0x00000000e2100000| Untracked 
|  34|0x00000000e2200000, 0x00000000e2300000, 0x00000000e2300000|100%| O|  |TAMS 0x00000000e2200000, 0x00000000e2200000| Untracked 
|  35|0x00000000e2300000, 0x00000000e2400000, 0x00000000e2400000|100%| O|  |TAMS 0x00000000e2400000, 0x00000000e2300000| Untracked 
|  36|0x00000000e2400000, 0x00000000e2500000, 0x00000000e2500000|100%| O|  |TAMS 0x00000000e2500000, 0x00000000e2400000| Untracked 
|  37|0x00000000e2500000, 0x00000000e2600000, 0x00000000e2600000|100%| O|  |TAMS 0x00000000e2600000, 0x00000000e2500000| Complete 
|  38|0x00000000e2600000, 0x00000000e2700000, 0x00000000e2700000|100%| O|  |TAMS 0x00000000e2700000, 0x00000000e2600000| Untracked 
|  39|0x00000000e2700000, 0x00000000e2800000, 0x00000000e2800000|100%| O|  |TAMS 0x00000000e2800000, 0x00000000e2700000| Complete 
|  40|0x00000000e2800000, 0x00000000e2900000, 0x00000000e2900000|100%| O|  |TAMS 0x00000000e2900000, 0x00000000e2800000| Complete 
|  41|0x00000000e2900000, 0x00000000e2a00000, 0x00000000e2a00000|100%| O|  |TAMS 0x00000000e2a00000, 0x00000000e2900000| Complete 
|  42|0x00000000e2a00000, 0x00000000e2b00000, 0x00000000e2b00000|100%| O|  |TAMS 0x00000000e2b00000, 0x00000000e2a00000| Untracked 
|  43|0x00000000e2b00000, 0x00000000e2c00000, 0x00000000e2c00000|100%| O|  |TAMS 0x00000000e2c00000, 0x00000000e2b00000| Untracked 
|  44|0x00000000e2c00000, 0x00000000e2d00000, 0x00000000e2d00000|100%| O|  |TAMS 0x00000000e2d00000, 0x00000000e2c00000| Untracked 
|  45|0x00000000e2d00000, 0x00000000e2e00000, 0x00000000e2e00000|100%| O|  |TAMS 0x00000000e2e00000, 0x00000000e2d00000| Untracked 
|  46|0x00000000e2e00000, 0x00000000e2f00000, 0x00000000e2f00000|100%| O|  |TAMS 0x00000000e2f00000, 0x00000000e2e00000| Untracked 
|  47|0x00000000e2f00000, 0x00000000e3000000, 0x00000000e3000000|100%| O|  |TAMS 0x00000000e3000000, 0x00000000e2f00000| Untracked 
|  48|0x00000000e3000000, 0x00000000e3100000, 0x00000000e3100000|100%| O|  |TAMS 0x00000000e3100000, 0x00000000e3000000| Complete 
|  49|0x00000000e3100000, 0x00000000e3200000, 0x00000000e3200000|100%| O|  |TAMS 0x00000000e3200000, 0x00000000e3100000| Untracked 
|  50|0x00000000e3200000, 0x00000000e3300000, 0x00000000e3300000|100%| O|  |TAMS 0x00000000e3300000, 0x00000000e3200000| Complete 
|  51|0x00000000e3300000, 0x00000000e3400000, 0x00000000e3400000|100%| O|  |TAMS 0x00000000e3400000, 0x00000000e3300000| Untracked 
|  52|0x00000000e3400000, 0x00000000e3500000, 0x00000000e3500000|100%| O|  |TAMS 0x00000000e3500000, 0x00000000e3400000| Complete 
|  53|0x00000000e3500000, 0x00000000e3600000, 0x00000000e3600000|100%| O|  |TAMS 0x00000000e3500000, 0x00000000e3500000| Untracked 
|  54|0x00000000e3600000, 0x00000000e3700000, 0x00000000e3700000|100%| O|  |TAMS 0x00000000e3700000, 0x00000000e3600000| Complete 
|  55|0x00000000e3700000, 0x00000000e3800000, 0x00000000e3800000|100%| O|  |TAMS 0x00000000e3800000, 0x00000000e3700000| Untracked 
|  56|0x00000000e3800000, 0x00000000e3900000, 0x00000000e3900000|100%| O|  |TAMS 0x00000000e3900000, 0x00000000e3800000| Untracked 
|  57|0x00000000e3900000, 0x00000000e3a00000, 0x00000000e3a00000|100%| O|  |TAMS 0x00000000e3a00000, 0x00000000e3900000| Complete 
|  58|0x00000000e3a00000, 0x00000000e3b00000, 0x00000000e3b00000|100%| O|  |TAMS 0x00000000e3b00000, 0x00000000e3a00000| Complete 
|  59|0x00000000e3b00000, 0x00000000e3c00000, 0x00000000e3c00000|100%| O|  |TAMS 0x00000000e3c00000, 0x00000000e3b00000| Untracked 
|  60|0x00000000e3c00000, 0x00000000e3d00000, 0x00000000e3d00000|100%| O|  |TAMS 0x00000000e3d00000, 0x00000000e3c00000| Complete 
|  61|0x00000000e3d00000, 0x00000000e3e00000, 0x00000000e3e00000|100%| O|  |TAMS 0x00000000e3e00000, 0x00000000e3d00000| Complete 
|  62|0x00000000e3e00000, 0x00000000e3f00000, 0x00000000e3f00000|100%| O|  |TAMS 0x00000000e3f00000, 0x00000000e3e00000| Complete 
|  63|0x00000000e3f00000, 0x00000000e4000000, 0x00000000e4000000|100%| O|  |TAMS 0x00000000e4000000, 0x00000000e3f00000| Untracked 
|  64|0x00000000e4000000, 0x00000000e4100000, 0x00000000e4100000|100%| O|  |TAMS 0x00000000e4100000, 0x00000000e4000000| Untracked 
|  65|0x00000000e4100000, 0x00000000e4200000, 0x00000000e4200000|100%| O|  |TAMS 0x00000000e4200000, 0x00000000e4100000| Untracked 
|  66|0x00000000e4200000, 0x00000000e4300000, 0x00000000e4300000|100%| O|  |TAMS 0x00000000e4300000, 0x00000000e4200000| Untracked 
|  67|0x00000000e4300000, 0x00000000e4400000, 0x00000000e4400000|100%| O|  |TAMS 0x00000000e4400000, 0x00000000e4300000| Complete 
|  68|0x00000000e4400000, 0x00000000e4500000, 0x00000000e4500000|100%| O|  |TAMS 0x00000000e4500000, 0x00000000e4400000| Untracked 
|  69|0x00000000e4500000, 0x00000000e4600000, 0x00000000e4600000|100%| O|  |TAMS 0x00000000e4600000, 0x00000000e4500000| Complete 
|  70|0x00000000e4600000, 0x00000000e4700000, 0x00000000e4700000|100%| O|  |TAMS 0x00000000e4700000, 0x00000000e4600000| Complete 
|  71|0x00000000e4700000, 0x00000000e4800000, 0x00000000e4800000|100%| O|  |TAMS 0x00000000e4800000, 0x00000000e4700000| Untracked 
|  72|0x00000000e4800000, 0x00000000e4900000, 0x00000000e4900000|100%| O|  |TAMS 0x00000000e4900000, 0x00000000e4800000| Complete 
|  73|0x00000000e4900000, 0x00000000e4a00000, 0x00000000e4a00000|100%|HS|  |TAMS 0x00000000e4a00000, 0x00000000e4900000| Complete 
|  74|0x00000000e4a00000, 0x00000000e4b00000, 0x00000000e4b00000|100%|HC|  |TAMS 0x00000000e4b00000, 0x00000000e4a00000| Complete 
|  75|0x00000000e4b00000, 0x00000000e4c00000, 0x00000000e4c00000|100%| O|  |TAMS 0x00000000e4c00000, 0x00000000e4b00000| Complete 
|  76|0x00000000e4c00000, 0x00000000e4d00000, 0x00000000e4d00000|100%| O|  |TAMS 0x00000000e4d00000, 0x00000000e4c00000| Untracked 
|  77|0x00000000e4d00000, 0x00000000e4e00000, 0x00000000e4e00000|100%| O|CS|TAMS 0x00000000e4e00000, 0x00000000e4d00000| Complete 
|  78|0x00000000e4e00000, 0x00000000e4f00000, 0x00000000e4f00000|100%| O|  |TAMS 0x00000000e4f00000, 0x00000000e4e00000| Complete 
|  79|0x00000000e4f00000, 0x00000000e5000000, 0x00000000e5000000|100%| O|  |TAMS 0x00000000e5000000, 0x00000000e4f00000| Untracked 
|  80|0x00000000e5000000, 0x00000000e5100000, 0x00000000e5100000|100%| O|  |TAMS 0x00000000e5100000, 0x00000000e5000000| Untracked 
|  81|0x00000000e5100000, 0x00000000e5200000, 0x00000000e5200000|100%| O|  |TAMS 0x00000000e5200000, 0x00000000e5100000| Complete 
|  82|0x00000000e5200000, 0x00000000e5300000, 0x00000000e5300000|100%| O|  |TAMS 0x00000000e5300000, 0x00000000e5200000| Untracked 
|  83|0x00000000e5300000, 0x00000000e5400000, 0x00000000e5400000|100%| O|  |TAMS 0x00000000e5400000, 0x00000000e5300000| Untracked 
|  84|0x00000000e5400000, 0x00000000e5500000, 0x00000000e5500000|100%| O|  |TAMS 0x00000000e5500000, 0x00000000e5400000| Untracked 
|  85|0x00000000e5500000, 0x00000000e5600000, 0x00000000e5600000|100%| O|  |TAMS 0x00000000e5600000, 0x00000000e5500000| Untracked 
|  86|0x00000000e5600000, 0x00000000e5700000, 0x00000000e5700000|100%| O|  |TAMS 0x00000000e5700000, 0x00000000e5600000| Untracked 
|  87|0x00000000e5700000, 0x00000000e5800000, 0x00000000e5800000|100%| O|  |TAMS 0x00000000e5800000, 0x00000000e5700000| Untracked 
|  88|0x00000000e5800000, 0x00000000e5900000, 0x00000000e5900000|100%| O|  |TAMS 0x00000000e5900000, 0x00000000e5800000| Untracked 
|  89|0x00000000e5900000, 0x00000000e5a00000, 0x00000000e5a00000|100%| O|  |TAMS 0x00000000e5a00000, 0x00000000e5900000| Untracked 
|  90|0x00000000e5a00000, 0x00000000e5b00000, 0x00000000e5b00000|100%| O|  |TAMS 0x00000000e5b00000, 0x00000000e5a00000| Complete 
|  91|0x00000000e5b00000, 0x00000000e5c00000, 0x00000000e5c00000|100%| O|  |TAMS 0x00000000e5c00000, 0x00000000e5b00000| Untracked 
|  92|0x00000000e5c00000, 0x00000000e5d00000, 0x00000000e5d00000|100%| O|  |TAMS 0x00000000e5d00000, 0x00000000e5c00000| Untracked 
|  93|0x00000000e5d00000, 0x00000000e5e00000, 0x00000000e5e00000|100%| O|  |TAMS 0x00000000e5e00000, 0x00000000e5d00000| Untracked 
|  94|0x00000000e5e00000, 0x00000000e5f00000, 0x00000000e5f00000|100%| O|  |TAMS 0x00000000e5f00000, 0x00000000e5e00000| Complete 
|  95|0x00000000e5f00000, 0x00000000e6000000, 0x00000000e6000000|100%| O|  |TAMS 0x00000000e6000000, 0x00000000e5f00000| Untracked 
|  96|0x00000000e6000000, 0x00000000e6100000, 0x00000000e6100000|100%| O|  |TAMS 0x00000000e6100000, 0x00000000e6000000| Untracked 
|  97|0x00000000e6100000, 0x00000000e6200000, 0x00000000e6200000|100%| O|  |TAMS 0x00000000e6200000, 0x00000000e6100000| Untracked 
|  98|0x00000000e6200000, 0x00000000e6300000, 0x00000000e6300000|100%| O|  |TAMS 0x00000000e6300000, 0x00000000e6200000| Untracked 
|  99|0x00000000e6300000, 0x00000000e6400000, 0x00000000e6400000|100%| O|  |TAMS 0x00000000e6400000, 0x00000000e6300000| Untracked 
| 100|0x00000000e6400000, 0x00000000e6500000, 0x00000000e6500000|100%| O|  |TAMS 0x00000000e6500000, 0x00000000e6400000| Untracked 
| 101|0x00000000e6500000, 0x00000000e6600000, 0x00000000e6600000|100%| O|  |TAMS 0x00000000e6600000, 0x00000000e6500000| Untracked 
| 102|0x00000000e6600000, 0x00000000e6700000, 0x00000000e6700000|100%| O|  |TAMS 0x00000000e6700000, 0x00000000e6600000| Untracked 
| 103|0x00000000e6700000, 0x00000000e6800000, 0x00000000e6800000|100%| O|  |TAMS 0x00000000e6800000, 0x00000000e6700000| Untracked 
| 104|0x00000000e6800000, 0x00000000e6900000, 0x00000000e6900000|100%| O|  |TAMS 0x00000000e6900000, 0x00000000e6800000| Complete 
| 105|0x00000000e6900000, 0x00000000e6a00000, 0x00000000e6a00000|100%| O|  |TAMS 0x00000000e6a00000, 0x00000000e6900000| Untracked 
| 106|0x00000000e6a00000, 0x00000000e6b00000, 0x00000000e6b00000|100%| O|  |TAMS 0x00000000e6b00000, 0x00000000e6a00000| Untracked 
| 107|0x00000000e6b00000, 0x00000000e6c00000, 0x00000000e6c00000|100%| O|  |TAMS 0x00000000e6c00000, 0x00000000e6b00000| Untracked 
| 108|0x00000000e6c00000, 0x00000000e6d00000, 0x00000000e6d00000|100%| O|  |TAMS 0x00000000e6d00000, 0x00000000e6c00000| Untracked 
| 109|0x00000000e6d00000, 0x00000000e6e00000, 0x00000000e6e00000|100%| O|  |TAMS 0x00000000e6e00000, 0x00000000e6d00000| Untracked 
| 110|0x00000000e6e00000, 0x00000000e6f00000, 0x00000000e6f00000|100%| O|  |TAMS 0x00000000e6f00000, 0x00000000e6e00000| Complete 
| 111|0x00000000e6f00000, 0x00000000e7000000, 0x00000000e7000000|100%| O|  |TAMS 0x00000000e7000000, 0x00000000e6f00000| Complete 
| 112|0x00000000e7000000, 0x00000000e7100000, 0x00000000e7100000|100%| O|  |TAMS 0x00000000e7100000, 0x00000000e7000000| Untracked 
| 113|0x00000000e7100000, 0x00000000e7200000, 0x00000000e7200000|100%| O|  |TAMS 0x00000000e7200000, 0x00000000e7100000| Complete 
| 114|0x00000000e7200000, 0x00000000e7300000, 0x00000000e7300000|100%| O|  |TAMS 0x00000000e7300000, 0x00000000e7200000| Untracked 
| 115|0x00000000e7300000, 0x00000000e7400000, 0x00000000e7400000|100%| O|  |TAMS 0x00000000e7400000, 0x00000000e7300000| Complete 
| 116|0x00000000e7400000, 0x00000000e7500000, 0x00000000e7500000|100%| O|  |TAMS 0x00000000e7500000, 0x00000000e7400000| Complete 
| 117|0x00000000e7500000, 0x00000000e7600000, 0x00000000e7600000|100%| O|  |TAMS 0x00000000e7600000, 0x00000000e7500000| Complete 
| 118|0x00000000e7600000, 0x00000000e7700000, 0x00000000e7700000|100%| O|  |TAMS 0x00000000e7700000, 0x00000000e7600000| Untracked 
| 119|0x00000000e7700000, 0x00000000e7800000, 0x00000000e7800000|100%| O|  |TAMS 0x00000000e7800000, 0x00000000e7700000| Untracked 
| 120|0x00000000e7800000, 0x00000000e7900000, 0x00000000e7900000|100%| O|  |TAMS 0x00000000e7900000, 0x00000000e7800000| Untracked 
| 121|0x00000000e7900000, 0x00000000e7a00000, 0x00000000e7a00000|100%| O|  |TAMS 0x00000000e7a00000, 0x00000000e7900000| Untracked 
| 122|0x00000000e7a00000, 0x00000000e7b00000, 0x00000000e7b00000|100%| O|  |TAMS 0x00000000e7b00000, 0x00000000e7a00000| Untracked 
| 123|0x00000000e7b00000, 0x00000000e7c00000, 0x00000000e7c00000|100%| O|  |TAMS 0x00000000e7c00000, 0x00000000e7b00000| Complete 
| 124|0x00000000e7c00000, 0x00000000e7d00000, 0x00000000e7d00000|100%| O|  |TAMS 0x00000000e7d00000, 0x00000000e7c00000| Complete 
| 125|0x00000000e7d00000, 0x00000000e7e00000, 0x00000000e7e00000|100%| O|  |TAMS 0x00000000e7e00000, 0x00000000e7d00000| Complete 
| 126|0x00000000e7e00000, 0x00000000e7f00000, 0x00000000e7f00000|100%| O|  |TAMS 0x00000000e7f00000, 0x00000000e7e00000| Untracked 
| 127|0x00000000e7f00000, 0x00000000e8000000, 0x00000000e8000000|100%| O|  |TAMS 0x00000000e7f00000, 0x00000000e7f00000| Untracked 
| 128|0x00000000e8000000, 0x00000000e8100000, 0x00000000e8100000|100%| O|  |TAMS 0x00000000e8100000, 0x00000000e8000000| Complete 
| 129|0x00000000e8100000, 0x00000000e8200000, 0x00000000e8200000|100%| O|  |TAMS 0x00000000e8200000, 0x00000000e8100000| Untracked 
| 130|0x00000000e8200000, 0x00000000e8300000, 0x00000000e8300000|100%| O|  |TAMS 0x00000000e8300000, 0x00000000e8200000| Untracked 
| 131|0x00000000e8300000, 0x00000000e8400000, 0x00000000e8400000|100%| O|  |TAMS 0x00000000e8400000, 0x00000000e8300000| Complete 
| 132|0x00000000e8400000, 0x00000000e8500000, 0x00000000e8500000|100%| O|  |TAMS 0x00000000e8500000, 0x00000000e8400000| Complete 
| 133|0x00000000e8500000, 0x00000000e8600000, 0x00000000e8600000|100%| O|  |TAMS 0x00000000e8600000, 0x00000000e8500000| Untracked 
| 134|0x00000000e8600000, 0x00000000e8700000, 0x00000000e8700000|100%| O|  |TAMS 0x00000000e8700000, 0x00000000e8600000| Complete 
| 135|0x00000000e8700000, 0x00000000e8800000, 0x00000000e8800000|100%| O|  |TAMS 0x00000000e8800000, 0x00000000e8700000| Untracked 
| 136|0x00000000e8800000, 0x00000000e8900000, 0x00000000e8900000|100%| O|  |TAMS 0x00000000e8900000, 0x00000000e8800000| Untracked 
| 137|0x00000000e8900000, 0x00000000e8a00000, 0x00000000e8a00000|100%| O|  |TAMS 0x00000000e8a00000, 0x00000000e8900000| Untracked 
| 138|0x00000000e8a00000, 0x00000000e8b00000, 0x00000000e8b00000|100%| O|  |TAMS 0x00000000e8b00000, 0x00000000e8a00000| Untracked 
| 139|0x00000000e8b00000, 0x00000000e8c00000, 0x00000000e8c00000|100%| O|  |TAMS 0x00000000e8c00000, 0x00000000e8b00000| Complete 
| 140|0x00000000e8c00000, 0x00000000e8d00000, 0x00000000e8d00000|100%| O|  |TAMS 0x00000000e8d00000, 0x00000000e8c00000| Complete 
| 141|0x00000000e8d00000, 0x00000000e8e00000, 0x00000000e8e00000|100%| O|  |TAMS 0x00000000e8e00000, 0x00000000e8d00000| Untracked 
| 142|0x00000000e8e00000, 0x00000000e8f00000, 0x00000000e8f00000|100%| O|  |TAMS 0x00000000e8f00000, 0x00000000e8e00000| Complete 
| 143|0x00000000e8f00000, 0x00000000e9000000, 0x00000000e9000000|100%| O|  |TAMS 0x00000000e9000000, 0x00000000e8f00000| Complete 
| 144|0x00000000e9000000, 0x00000000e9100000, 0x00000000e9100000|100%| O|CS|TAMS 0x00000000e9100000, 0x00000000e9000000| Complete 
| 145|0x00000000e9100000, 0x00000000e9200000, 0x00000000e9200000|100%| O|  |TAMS 0x00000000e9200000, 0x00000000e9100000| Untracked 
| 146|0x00000000e9200000, 0x00000000e9300000, 0x00000000e9300000|100%| O|  |TAMS 0x00000000e9300000, 0x00000000e9200000| Untracked 
| 147|0x00000000e9300000, 0x00000000e9400000, 0x00000000e9400000|100%| O|  |TAMS 0x00000000e9400000, 0x00000000e9300000| Untracked 
| 148|0x00000000e9400000, 0x00000000e9500000, 0x00000000e9500000|100%| O|  |TAMS 0x00000000e9500000, 0x00000000e9400000| Untracked 
| 149|0x00000000e9500000, 0x00000000e9600000, 0x00000000e9600000|100%| O|  |TAMS 0x00000000e9600000, 0x00000000e9500000| Untracked 
| 150|0x00000000e9600000, 0x00000000e9700000, 0x00000000e9700000|100%| O|  |TAMS 0x00000000e9700000, 0x00000000e9600000| Untracked 
| 151|0x00000000e9700000, 0x00000000e9800000, 0x00000000e9800000|100%| O|CS|TAMS 0x00000000e9800000, 0x00000000e9700000| Complete 
| 152|0x00000000e9800000, 0x00000000e9900000, 0x00000000e9900000|100%| O|  |TAMS 0x00000000e9900000, 0x00000000e9800000| Untracked 
| 153|0x00000000e9900000, 0x00000000e9a00000, 0x00000000e9a00000|100%| O|  |TAMS 0x00000000e9a00000, 0x00000000e9900000| Untracked 
| 154|0x00000000e9a00000, 0x00000000e9b00000, 0x00000000e9b00000|100%|HS|  |TAMS 0x00000000e9b00000, 0x00000000e9a00000| Complete 
| 155|0x00000000e9b00000, 0x00000000e9c00000, 0x00000000e9c00000|100%|HC|  |TAMS 0x00000000e9c00000, 0x00000000e9b00000| Complete 
| 156|0x00000000e9c00000, 0x00000000e9d00000, 0x00000000e9d00000|100%| O|  |TAMS 0x00000000e9d00000, 0x00000000e9c00000| Untracked 
| 157|0x00000000e9d00000, 0x00000000e9e00000, 0x00000000e9e00000|100%| O|  |TAMS 0x00000000e9e00000, 0x00000000e9d00000| Untracked 
| 158|0x00000000e9e00000, 0x00000000e9f00000, 0x00000000e9f00000|100%| O|  |TAMS 0x00000000e9f00000, 0x00000000e9e00000| Untracked 
| 159|0x00000000e9f00000, 0x00000000ea000000, 0x00000000ea000000|100%| O|  |TAMS 0x00000000ea000000, 0x00000000e9f00000| Untracked 
| 160|0x00000000ea000000, 0x00000000ea100000, 0x00000000ea100000|100%| O|  |TAMS 0x00000000ea069800, 0x00000000ea000000| Untracked 
| 161|0x00000000ea100000, 0x00000000ea200000, 0x00000000ea200000|100%| O|  |TAMS 0x00000000ea100000, 0x00000000ea100000| Untracked 
| 162|0x00000000ea200000, 0x00000000ea300000, 0x00000000ea300000|100%| O|  |TAMS 0x00000000ea200000, 0x00000000ea200000| Untracked 
| 163|0x00000000ea300000, 0x00000000ea400000, 0x00000000ea400000|100%| O|  |TAMS 0x00000000ea400000, 0x00000000ea300000| Untracked 
| 164|0x00000000ea400000, 0x00000000ea500000, 0x00000000ea500000|100%| O|  |TAMS 0x00000000ea500000, 0x00000000ea400000| Untracked 
| 165|0x00000000ea500000, 0x00000000ea600000, 0x00000000ea600000|100%| O|  |TAMS 0x00000000ea600000, 0x00000000ea500000| Complete 
| 166|0x00000000ea600000, 0x00000000ea700000, 0x00000000ea700000|100%| O|  |TAMS 0x00000000ea700000, 0x00000000ea600000| Complete 
| 167|0x00000000ea700000, 0x00000000ea800000, 0x00000000ea800000|100%| O|  |TAMS 0x00000000ea800000, 0x00000000ea700000| Complete 
| 168|0x00000000ea800000, 0x00000000ea900000, 0x00000000ea900000|100%| O|  |TAMS 0x00000000ea900000, 0x00000000ea800000| Complete 
| 169|0x00000000ea900000, 0x00000000eaa00000, 0x00000000eaa00000|100%| O|  |TAMS 0x00000000eaa00000, 0x00000000ea900000| Complete 
| 170|0x00000000eaa00000, 0x00000000eab00000, 0x00000000eab00000|100%| O|  |TAMS 0x00000000eab00000, 0x00000000eaa00000| Complete 
| 171|0x00000000eab00000, 0x00000000eac00000, 0x00000000eac00000|100%| O|  |TAMS 0x00000000eac00000, 0x00000000eab00000| Complete 
| 172|0x00000000eac00000, 0x00000000ead00000, 0x00000000ead00000|100%| O|  |TAMS 0x00000000ead00000, 0x00000000eac00000| Complete 
| 173|0x00000000ead00000, 0x00000000eae00000, 0x00000000eae00000|100%| O|  |TAMS 0x00000000ead00000, 0x00000000ead00000| Untracked 
| 174|0x00000000eae00000, 0x00000000eaf00000, 0x00000000eaf00000|100%| O|  |TAMS 0x00000000eae00000, 0x00000000eae00000| Untracked 
| 175|0x00000000eaf00000, 0x00000000eaf4a080, 0x00000000eb000000| 28%| O|  |TAMS 0x00000000eaf00000, 0x00000000eaf00000| Untracked 
| 176|0x00000000eb000000, 0x00000000eb000000, 0x00000000eb100000|  0%| F|  |TAMS 0x00000000eb000000, 0x00000000eb000000| Untracked 
| 177|0x00000000eb100000, 0x00000000eb200000, 0x00000000eb200000|100%| O|  |TAMS 0x00000000eb200000, 0x00000000eb100000| Complete 
| 178|0x00000000eb200000, 0x00000000eb300000, 0x00000000eb300000|100%| O|  |TAMS 0x00000000eb300000, 0x00000000eb200000| Complete 
| 179|0x00000000eb300000, 0x00000000eb300000, 0x00000000eb400000|  0%| F|  |TAMS 0x00000000eb300000, 0x00000000eb300000| Untracked 
| 180|0x00000000eb400000, 0x00000000eb400000, 0x00000000eb500000|  0%| F|  |TAMS 0x00000000eb400000, 0x00000000eb400000| Untracked 
| 181|0x00000000eb500000, 0x00000000eb600000, 0x00000000eb600000|100%| O|  |TAMS 0x00000000eb600000, 0x00000000eb500000| Complete 
| 182|0x00000000eb600000, 0x00000000eb600000, 0x00000000eb700000|  0%| F|  |TAMS 0x00000000eb600000, 0x00000000eb600000| Untracked 
| 183|0x00000000eb700000, 0x00000000eb800000, 0x00000000eb800000|100%| O|CS|TAMS 0x00000000eb800000, 0x00000000eb700000| Complete 
| 184|0x00000000eb800000, 0x00000000eb900000, 0x00000000eb900000|100%| O|  |TAMS 0x00000000eb900000, 0x00000000eb800000| Complete 
| 185|0x00000000eb900000, 0x00000000eb900000, 0x00000000eba00000|  0%| F|  |TAMS 0x00000000eb900000, 0x00000000eb900000| Untracked 
| 186|0x00000000eba00000, 0x00000000eba00000, 0x00000000ebb00000|  0%| F|  |TAMS 0x00000000eba00000, 0x00000000eba00000| Untracked 
| 187|0x00000000ebb00000, 0x00000000ebb00000, 0x00000000ebc00000|  0%| F|  |TAMS 0x00000000ebb00000, 0x00000000ebb00000| Untracked 
| 188|0x00000000ebc00000, 0x00000000ebc00000, 0x00000000ebd00000|  0%| F|  |TAMS 0x00000000ebc00000, 0x00000000ebc00000| Untracked 
| 189|0x00000000ebd00000, 0x00000000ebd00000, 0x00000000ebe00000|  0%| F|  |TAMS 0x00000000ebd00000, 0x00000000ebd00000| Untracked 
| 190|0x00000000ebe00000, 0x00000000ebe00000, 0x00000000ebf00000|  0%| F|  |TAMS 0x00000000ebe00000, 0x00000000ebe00000| Untracked 
| 191|0x00000000ebf00000, 0x00000000ebf00000, 0x00000000ec000000|  0%| F|  |TAMS 0x00000000ebf00000, 0x00000000ebf00000| Untracked 
| 192|0x00000000ec000000, 0x00000000ec000000, 0x00000000ec100000|  0%| F|  |TAMS 0x00000000ec000000, 0x00000000ec000000| Untracked 
| 193|0x00000000ec100000, 0x00000000ec100000, 0x00000000ec200000|  0%| F|  |TAMS 0x00000000ec100000, 0x00000000ec100000| Untracked 
| 194|0x00000000ec200000, 0x00000000ec200000, 0x00000000ec300000|  0%| F|  |TAMS 0x00000000ec200000, 0x00000000ec200000| Untracked 
| 195|0x00000000ec300000, 0x00000000ec300000, 0x00000000ec400000|  0%| F|  |TAMS 0x00000000ec300000, 0x00000000ec300000| Untracked 
| 196|0x00000000ec400000, 0x00000000ec400000, 0x00000000ec500000|  0%| F|  |TAMS 0x00000000ec400000, 0x00000000ec400000| Untracked 
| 197|0x00000000ec500000, 0x00000000ec500000, 0x00000000ec600000|  0%| F|  |TAMS 0x00000000ec500000, 0x00000000ec500000| Untracked 
| 198|0x00000000ec600000, 0x00000000ec600000, 0x00000000ec700000|  0%| F|  |TAMS 0x00000000ec600000, 0x00000000ec600000| Untracked 
| 199|0x00000000ec700000, 0x00000000ec700000, 0x00000000ec800000|  0%| F|  |TAMS 0x00000000ec700000, 0x00000000ec700000| Untracked 
| 200|0x00000000ec800000, 0x00000000ec800000, 0x00000000ec900000|  0%| F|  |TAMS 0x00000000ec800000, 0x00000000ec800000| Untracked 
| 201|0x00000000ec900000, 0x00000000ec900000, 0x00000000eca00000|  0%| F|  |TAMS 0x00000000ec900000, 0x00000000ec900000| Untracked 
| 202|0x00000000eca00000, 0x00000000eca00000, 0x00000000ecb00000|  0%| F|  |TAMS 0x00000000eca00000, 0x00000000eca00000| Untracked 
| 203|0x00000000ecb00000, 0x00000000ecb00000, 0x00000000ecc00000|  0%| F|  |TAMS 0x00000000ecb00000, 0x00000000ecb00000| Untracked 
| 204|0x00000000ecc00000, 0x00000000ecc00000, 0x00000000ecd00000|  0%| F|  |TAMS 0x00000000ecc00000, 0x00000000ecc00000| Untracked 
| 205|0x00000000ecd00000, 0x00000000ecd00000, 0x00000000ece00000|  0%| F|  |TAMS 0x00000000ecd00000, 0x00000000ecd00000| Untracked 
| 206|0x00000000ece00000, 0x00000000ece00000, 0x00000000ecf00000|  0%| F|  |TAMS 0x00000000ece00000, 0x00000000ece00000| Untracked 
| 207|0x00000000ecf00000, 0x00000000ecf00000, 0x00000000ed000000|  0%| F|  |TAMS 0x00000000ecf00000, 0x00000000ecf00000| Untracked 
| 208|0x00000000ed000000, 0x00000000ed000000, 0x00000000ed100000|  0%| F|  |TAMS 0x00000000ed000000, 0x00000000ed000000| Untracked 
| 209|0x00000000ed100000, 0x00000000ed100000, 0x00000000ed200000|  0%| F|  |TAMS 0x00000000ed100000, 0x00000000ed100000| Untracked 
| 210|0x00000000ed200000, 0x00000000ed200000, 0x00000000ed300000|  0%| F|  |TAMS 0x00000000ed200000, 0x00000000ed200000| Untracked 
| 211|0x00000000ed300000, 0x00000000ed300000, 0x00000000ed400000|  0%| F|  |TAMS 0x00000000ed300000, 0x00000000ed300000| Untracked 
| 212|0x00000000ed400000, 0x00000000ed400000, 0x00000000ed500000|  0%| F|  |TAMS 0x00000000ed400000, 0x00000000ed400000| Untracked 
| 213|0x00000000ed500000, 0x00000000ed500000, 0x00000000ed600000|  0%| F|  |TAMS 0x00000000ed500000, 0x00000000ed500000| Untracked 
| 214|0x00000000ed600000, 0x00000000ed600000, 0x00000000ed700000|  0%| F|  |TAMS 0x00000000ed600000, 0x00000000ed600000| Untracked 
| 215|0x00000000ed700000, 0x00000000ed700000, 0x00000000ed800000|  0%| F|  |TAMS 0x00000000ed700000, 0x00000000ed700000| Untracked 
| 216|0x00000000ed800000, 0x00000000ed800000, 0x00000000ed900000|  0%| F|  |TAMS 0x00000000ed800000, 0x00000000ed800000| Untracked 
| 217|0x00000000ed900000, 0x00000000ed900000, 0x00000000eda00000|  0%| F|  |TAMS 0x00000000ed900000, 0x00000000ed900000| Untracked 
| 218|0x00000000eda00000, 0x00000000eda16000, 0x00000000edb00000|  8%| E|CS|TAMS 0x00000000eda00000, 0x00000000eda00000| Complete 
| 219|0x00000000edb00000, 0x00000000edc00000, 0x00000000edc00000|100%| E|CS|TAMS 0x00000000edb00000, 0x00000000edb00000| Complete 
| 220|0x00000000edc00000, 0x00000000edd00000, 0x00000000edd00000|100%| E|CS|TAMS 0x00000000edc00000, 0x00000000edc00000| Complete 
| 221|0x00000000edd00000, 0x00000000ede00000, 0x00000000ede00000|100%| E|CS|TAMS 0x00000000edd00000, 0x00000000edd00000| Complete 
| 222|0x00000000ede00000, 0x00000000edf00000, 0x00000000edf00000|100%| E|CS|TAMS 0x00000000ede00000, 0x00000000ede00000| Complete 
| 223|0x00000000edf00000, 0x00000000ee000000, 0x00000000ee000000|100%| E|CS|TAMS 0x00000000edf00000, 0x00000000edf00000| Complete 
| 224|0x00000000ee000000, 0x00000000ee100000, 0x00000000ee100000|100%| E|CS|TAMS 0x00000000ee000000, 0x00000000ee000000| Complete 
| 225|0x00000000ee100000, 0x00000000ee200000, 0x00000000ee200000|100%| E|CS|TAMS 0x00000000ee100000, 0x00000000ee100000| Complete 
| 226|0x00000000ee200000, 0x00000000ee300000, 0x00000000ee300000|100%| E|CS|TAMS 0x00000000ee200000, 0x00000000ee200000| Complete 
| 227|0x00000000ee300000, 0x00000000ee400000, 0x00000000ee400000|100%| E|CS|TAMS 0x00000000ee300000, 0x00000000ee300000| Complete 
| 228|0x00000000ee400000, 0x00000000ee500000, 0x00000000ee500000|100%| E|CS|TAMS 0x00000000ee400000, 0x00000000ee400000| Complete 
| 229|0x00000000ee500000, 0x00000000ee500000, 0x00000000ee600000|  0%| F|  |TAMS 0x00000000ee500000, 0x00000000ee500000| Untracked 
| 230|0x00000000ee600000, 0x00000000ee600000, 0x00000000ee700000|  0%| F|  |TAMS 0x00000000ee600000, 0x00000000ee600000| Untracked 
| 231|0x00000000ee700000, 0x00000000ee700000, 0x00000000ee800000|  0%| F|  |TAMS 0x00000000ee700000, 0x00000000ee700000| Untracked 
| 232|0x00000000ee800000, 0x00000000ee800000, 0x00000000ee900000|  0%| F|  |TAMS 0x00000000ee800000, 0x00000000ee800000| Untracked 
| 233|0x00000000ee900000, 0x00000000ee900000, 0x00000000eea00000|  0%| F|  |TAMS 0x00000000ee900000, 0x00000000ee900000| Untracked 
| 234|0x00000000eea00000, 0x00000000eea00000, 0x00000000eeb00000|  0%| F|  |TAMS 0x00000000eea00000, 0x00000000eea00000| Untracked 
| 235|0x00000000eeb00000, 0x00000000eeb00000, 0x00000000eec00000|  0%| F|  |TAMS 0x00000000eeb00000, 0x00000000eeb00000| Untracked 
| 236|0x00000000eec00000, 0x00000000eec00000, 0x00000000eed00000|  0%| F|  |TAMS 0x00000000eec00000, 0x00000000eec00000| Untracked 
| 237|0x00000000eed00000, 0x00000000eed00000, 0x00000000eee00000|  0%| F|  |TAMS 0x00000000eed00000, 0x00000000eed00000| Untracked 
| 238|0x00000000eee00000, 0x00000000eee00000, 0x00000000eef00000|  0%| F|  |TAMS 0x00000000eee00000, 0x00000000eee00000| Untracked 
| 239|0x00000000eef00000, 0x00000000eef00000, 0x00000000ef000000|  0%| F|  |TAMS 0x00000000eef00000, 0x00000000eef00000| Untracked 
| 240|0x00000000ef000000, 0x00000000ef000000, 0x00000000ef100000|  0%| F|  |TAMS 0x00000000ef000000, 0x00000000ef000000| Untracked 
| 241|0x00000000ef100000, 0x00000000ef100000, 0x00000000ef200000|  0%| F|  |TAMS 0x00000000ef100000, 0x00000000ef100000| Untracked 
| 242|0x00000000ef200000, 0x00000000ef200000, 0x00000000ef300000|  0%| F|  |TAMS 0x00000000ef200000, 0x00000000ef200000| Untracked 
| 243|0x00000000ef300000, 0x00000000ef300000, 0x00000000ef400000|  0%| F|  |TAMS 0x00000000ef300000, 0x00000000ef300000| Untracked 
| 244|0x00000000ef400000, 0x00000000ef400000, 0x00000000ef500000|  0%| F|  |TAMS 0x00000000ef400000, 0x00000000ef400000| Untracked 
| 245|0x00000000ef500000, 0x00000000ef500000, 0x00000000ef600000|  0%| F|  |TAMS 0x00000000ef500000, 0x00000000ef500000| Untracked 
| 246|0x00000000ef600000, 0x00000000ef600000, 0x00000000ef700000|  0%| F|  |TAMS 0x00000000ef600000, 0x00000000ef600000| Untracked 
| 247|0x00000000ef700000, 0x00000000ef700000, 0x00000000ef800000|  0%| F|  |TAMS 0x00000000ef700000, 0x00000000ef700000| Untracked 
| 248|0x00000000ef800000, 0x00000000ef800000, 0x00000000ef900000|  0%| F|  |TAMS 0x00000000ef800000, 0x00000000ef800000| Untracked 
| 249|0x00000000ef900000, 0x00000000ef900000, 0x00000000efa00000|  0%| F|  |TAMS 0x00000000ef900000, 0x00000000ef900000| Untracked 
| 250|0x00000000efa00000, 0x00000000efa00000, 0x00000000efb00000|  0%| F|  |TAMS 0x00000000efa00000, 0x00000000efa00000| Untracked 
| 251|0x00000000efb00000, 0x00000000efb00000, 0x00000000efc00000|  0%| F|  |TAMS 0x00000000efb00000, 0x00000000efb00000| Untracked 
| 252|0x00000000efc00000, 0x00000000efc00000, 0x00000000efd00000|  0%| F|  |TAMS 0x00000000efc00000, 0x00000000efc00000| Untracked 
| 253|0x00000000efd00000, 0x00000000efd00000, 0x00000000efe00000|  0%| F|  |TAMS 0x00000000efd00000, 0x00000000efd00000| Untracked 
| 254|0x00000000efe00000, 0x00000000efe00000, 0x00000000eff00000|  0%| F|  |TAMS 0x00000000efe00000, 0x00000000efe00000| Untracked 
| 255|0x00000000eff00000, 0x00000000eff00000, 0x00000000f0000000|  0%| F|  |TAMS 0x00000000eff00000, 0x00000000eff00000| Untracked 
| 256|0x00000000f0000000, 0x00000000f0000000, 0x00000000f0100000|  0%| F|  |TAMS 0x00000000f0000000, 0x00000000f0000000| Untracked 
| 257|0x00000000f0100000, 0x00000000f0100000, 0x00000000f0200000|  0%| F|  |TAMS 0x00000000f0100000, 0x00000000f0100000| Untracked 
| 258|0x00000000f0200000, 0x00000000f0200000, 0x00000000f0300000|  0%| F|  |TAMS 0x00000000f0200000, 0x00000000f0200000| Untracked 
| 259|0x00000000f0300000, 0x00000000f0300000, 0x00000000f0400000|  0%| F|  |TAMS 0x00000000f0300000, 0x00000000f0300000| Untracked 
| 260|0x00000000f0400000, 0x00000000f0400000, 0x00000000f0500000|  0%| F|  |TAMS 0x00000000f0400000, 0x00000000f0400000| Untracked 
| 261|0x00000000f0500000, 0x00000000f0500000, 0x00000000f0600000|  0%| F|  |TAMS 0x00000000f0500000, 0x00000000f0500000| Untracked 
| 262|0x00000000f0600000, 0x00000000f0600000, 0x00000000f0700000|  0%| F|  |TAMS 0x00000000f0600000, 0x00000000f0600000| Untracked 
| 263|0x00000000f0700000, 0x00000000f0700000, 0x00000000f0800000|  0%| F|  |TAMS 0x00000000f0700000, 0x00000000f0700000| Untracked 
| 264|0x00000000f0800000, 0x00000000f0800000, 0x00000000f0900000|  0%| F|  |TAMS 0x00000000f0800000, 0x00000000f0800000| Untracked 
| 265|0x00000000f0900000, 0x00000000f0900000, 0x00000000f0a00000|  0%| F|  |TAMS 0x00000000f0900000, 0x00000000f0900000| Untracked 
| 266|0x00000000f0a00000, 0x00000000f0a00000, 0x00000000f0b00000|  0%| F|  |TAMS 0x00000000f0a00000, 0x00000000f0a00000| Untracked 
| 267|0x00000000f0b00000, 0x00000000f0b00000, 0x00000000f0c00000|  0%| F|  |TAMS 0x00000000f0b00000, 0x00000000f0b00000| Untracked 
| 268|0x00000000f0c00000, 0x00000000f0c00000, 0x00000000f0d00000|  0%| F|  |TAMS 0x00000000f0c00000, 0x00000000f0c00000| Untracked 
| 269|0x00000000f0d00000, 0x00000000f0d00000, 0x00000000f0e00000|  0%| F|  |TAMS 0x00000000f0d00000, 0x00000000f0d00000| Untracked 
| 270|0x00000000f0e00000, 0x00000000f0e00000, 0x00000000f0f00000|  0%| F|  |TAMS 0x00000000f0e00000, 0x00000000f0e00000| Untracked 
| 271|0x00000000f0f00000, 0x00000000f0f00000, 0x00000000f1000000|  0%| F|  |TAMS 0x00000000f0f00000, 0x00000000f0f00000| Untracked 
| 272|0x00000000f1000000, 0x00000000f1000000, 0x00000000f1100000|  0%| F|  |TAMS 0x00000000f1000000, 0x00000000f1000000| Untracked 
| 273|0x00000000f1100000, 0x00000000f1100000, 0x00000000f1200000|  0%| F|  |TAMS 0x00000000f1100000, 0x00000000f1100000| Untracked 
| 274|0x00000000f1200000, 0x00000000f1200000, 0x00000000f1300000|  0%| F|  |TAMS 0x00000000f1200000, 0x00000000f1200000| Untracked 
| 275|0x00000000f1300000, 0x00000000f1300000, 0x00000000f1400000|  0%| F|  |TAMS 0x00000000f1300000, 0x00000000f1300000| Untracked 
| 276|0x00000000f1400000, 0x00000000f1400000, 0x00000000f1500000|  0%| F|  |TAMS 0x00000000f1400000, 0x00000000f1400000| Untracked 
| 277|0x00000000f1500000, 0x00000000f1500000, 0x00000000f1600000|  0%| F|  |TAMS 0x00000000f1500000, 0x00000000f1500000| Untracked 
| 278|0x00000000f1600000, 0x00000000f1600000, 0x00000000f1700000|  0%| F|  |TAMS 0x00000000f1600000, 0x00000000f1600000| Untracked 
| 279|0x00000000f1700000, 0x00000000f1700000, 0x00000000f1800000|  0%| F|  |TAMS 0x00000000f1700000, 0x00000000f1700000| Untracked 
| 280|0x00000000f1800000, 0x00000000f1800000, 0x00000000f1900000|  0%| F|  |TAMS 0x00000000f1800000, 0x00000000f1800000| Untracked 
| 281|0x00000000f1900000, 0x00000000f1900000, 0x00000000f1a00000|  0%| F|  |TAMS 0x00000000f1900000, 0x00000000f1900000| Untracked 
| 282|0x00000000f1a00000, 0x00000000f1a00000, 0x00000000f1b00000|  0%| F|  |TAMS 0x00000000f1a00000, 0x00000000f1a00000| Untracked 
| 283|0x00000000f1b00000, 0x00000000f1b00000, 0x00000000f1c00000|  0%| F|  |TAMS 0x00000000f1b00000, 0x00000000f1b00000| Untracked 
| 284|0x00000000f1c00000, 0x00000000f1c00000, 0x00000000f1d00000|  0%| F|  |TAMS 0x00000000f1c00000, 0x00000000f1c00000| Untracked 
| 285|0x00000000f1d00000, 0x00000000f1d00000, 0x00000000f1e00000|  0%| F|  |TAMS 0x00000000f1d00000, 0x00000000f1d00000| Untracked 
| 286|0x00000000f1e00000, 0x00000000f1e00000, 0x00000000f1f00000|  0%| F|  |TAMS 0x00000000f1e00000, 0x00000000f1e00000| Untracked 
| 287|0x00000000f1f00000, 0x00000000f1f00000, 0x00000000f2000000|  0%| F|  |TAMS 0x00000000f1f00000, 0x00000000f1f00000| Untracked 
| 288|0x00000000f2000000, 0x00000000f2000000, 0x00000000f2100000|  0%| F|  |TAMS 0x00000000f2000000, 0x00000000f2000000| Untracked 
| 289|0x00000000f2100000, 0x00000000f2100000, 0x00000000f2200000|  0%| F|  |TAMS 0x00000000f2100000, 0x00000000f2100000| Untracked 
| 290|0x00000000f2200000, 0x00000000f2200000, 0x00000000f2300000|  0%| F|  |TAMS 0x00000000f2200000, 0x00000000f2200000| Untracked 
| 291|0x00000000f2300000, 0x00000000f2300000, 0x00000000f2400000|  0%| F|  |TAMS 0x00000000f2300000, 0x00000000f2300000| Untracked 
| 292|0x00000000f2400000, 0x00000000f2400000, 0x00000000f2500000|  0%| F|  |TAMS 0x00000000f2400000, 0x00000000f2400000| Untracked 
| 293|0x00000000f2500000, 0x00000000f2500000, 0x00000000f2600000|  0%| F|  |TAMS 0x00000000f2500000, 0x00000000f2500000| Untracked 
| 294|0x00000000f2600000, 0x00000000f2600000, 0x00000000f2700000|  0%| F|  |TAMS 0x00000000f2600000, 0x00000000f2600000| Untracked 
| 295|0x00000000f2700000, 0x00000000f2700000, 0x00000000f2800000|  0%| F|  |TAMS 0x00000000f2700000, 0x00000000f2700000| Untracked 
| 296|0x00000000f2800000, 0x00000000f2800000, 0x00000000f2900000|  0%| F|  |TAMS 0x00000000f2800000, 0x00000000f2800000| Untracked 
| 297|0x00000000f2900000, 0x00000000f2900000, 0x00000000f2a00000|  0%| F|  |TAMS 0x00000000f2900000, 0x00000000f2900000| Untracked 
| 298|0x00000000f2a00000, 0x00000000f2a00000, 0x00000000f2b00000|  0%| F|  |TAMS 0x00000000f2a00000, 0x00000000f2a00000| Untracked 
| 299|0x00000000f2b00000, 0x00000000f2b00000, 0x00000000f2c00000|  0%| F|  |TAMS 0x00000000f2b00000, 0x00000000f2b00000| Untracked 
| 300|0x00000000f2c00000, 0x00000000f2c00000, 0x00000000f2d00000|  0%| F|  |TAMS 0x00000000f2c00000, 0x00000000f2c00000| Untracked 
| 301|0x00000000f2d00000, 0x00000000f2d00000, 0x00000000f2e00000|  0%| F|  |TAMS 0x00000000f2d00000, 0x00000000f2d00000| Untracked 
| 302|0x00000000f2e00000, 0x00000000f2e00000, 0x00000000f2f00000|  0%| F|  |TAMS 0x00000000f2e00000, 0x00000000f2e00000| Untracked 
| 303|0x00000000f2f00000, 0x00000000f2f00000, 0x00000000f3000000|  0%| F|  |TAMS 0x00000000f2f00000, 0x00000000f2f00000| Untracked 
| 304|0x00000000f3000000, 0x00000000f3000000, 0x00000000f3100000|  0%| F|  |TAMS 0x00000000f3000000, 0x00000000f3000000| Untracked 
| 305|0x00000000f3100000, 0x00000000f3100000, 0x00000000f3200000|  0%| F|  |TAMS 0x00000000f3100000, 0x00000000f3100000| Untracked 
| 306|0x00000000f3200000, 0x00000000f3200000, 0x00000000f3300000|  0%| F|  |TAMS 0x00000000f3200000, 0x00000000f3200000| Untracked 
| 307|0x00000000f3300000, 0x00000000f3300000, 0x00000000f3400000|  0%| F|  |TAMS 0x00000000f3300000, 0x00000000f3300000| Untracked 
| 308|0x00000000f3400000, 0x00000000f3400000, 0x00000000f3500000|  0%| F|  |TAMS 0x00000000f3400000, 0x00000000f3400000| Untracked 
| 309|0x00000000f3500000, 0x00000000f3500000, 0x00000000f3600000|  0%| F|  |TAMS 0x00000000f3500000, 0x00000000f3500000| Untracked 
| 310|0x00000000f3600000, 0x00000000f3600000, 0x00000000f3700000|  0%| F|  |TAMS 0x00000000f3600000, 0x00000000f3600000| Untracked 
| 311|0x00000000f3700000, 0x00000000f3700000, 0x00000000f3800000|  0%| F|  |TAMS 0x00000000f3700000, 0x00000000f3700000| Untracked 
| 312|0x00000000f3800000, 0x00000000f3800000, 0x00000000f3900000|  0%| F|  |TAMS 0x00000000f3800000, 0x00000000f3800000| Untracked 
| 313|0x00000000f3900000, 0x00000000f3900000, 0x00000000f3a00000|  0%| F|  |TAMS 0x00000000f3900000, 0x00000000f3900000| Untracked 
| 314|0x00000000f3a00000, 0x00000000f3a00000, 0x00000000f3b00000|  0%| F|  |TAMS 0x00000000f3a00000, 0x00000000f3a00000| Untracked 
| 315|0x00000000f3b00000, 0x00000000f3b00000, 0x00000000f3c00000|  0%| F|  |TAMS 0x00000000f3b00000, 0x00000000f3b00000| Untracked 
| 316|0x00000000f3c00000, 0x00000000f3c00000, 0x00000000f3d00000|  0%| F|  |TAMS 0x00000000f3c00000, 0x00000000f3c00000| Untracked 
| 317|0x00000000f3d00000, 0x00000000f3d00000, 0x00000000f3e00000|  0%| F|  |TAMS 0x00000000f3d00000, 0x00000000f3d00000| Untracked 
| 318|0x00000000f3e00000, 0x00000000f3e00000, 0x00000000f3f00000|  0%| F|  |TAMS 0x00000000f3e00000, 0x00000000f3e00000| Untracked 
| 319|0x00000000f3f00000, 0x00000000f3f00000, 0x00000000f4000000|  0%| F|  |TAMS 0x00000000f3f00000, 0x00000000f3f00000| Untracked 
| 320|0x00000000f4000000, 0x00000000f4000000, 0x00000000f4100000|  0%| F|  |TAMS 0x00000000f4000000, 0x00000000f4000000| Untracked 
| 321|0x00000000f4100000, 0x00000000f4100000, 0x00000000f4200000|  0%| F|  |TAMS 0x00000000f4100000, 0x00000000f4100000| Untracked 
| 322|0x00000000f4200000, 0x00000000f4200000, 0x00000000f4300000|  0%| F|  |TAMS 0x00000000f4200000, 0x00000000f4200000| Untracked 
| 323|0x00000000f4300000, 0x00000000f4300000, 0x00000000f4400000|  0%| F|  |TAMS 0x00000000f4300000, 0x00000000f4300000| Untracked 
| 324|0x00000000f4400000, 0x00000000f4400000, 0x00000000f4500000|  0%| F|  |TAMS 0x00000000f4400000, 0x00000000f4400000| Untracked 
| 325|0x00000000f4500000, 0x00000000f4500000, 0x00000000f4600000|  0%| F|  |TAMS 0x00000000f4500000, 0x00000000f4500000| Untracked 
| 326|0x00000000f4600000, 0x00000000f4600000, 0x00000000f4700000|  0%| F|  |TAMS 0x00000000f4600000, 0x00000000f4600000| Untracked 
| 327|0x00000000f4700000, 0x00000000f4700000, 0x00000000f4800000|  0%| F|  |TAMS 0x00000000f4700000, 0x00000000f4700000| Untracked 
| 328|0x00000000f4800000, 0x00000000f4800000, 0x00000000f4900000|  0%| F|  |TAMS 0x00000000f4800000, 0x00000000f4800000| Untracked 
| 329|0x00000000f4900000, 0x00000000f4900000, 0x00000000f4a00000|  0%| F|  |TAMS 0x00000000f4900000, 0x00000000f4900000| Untracked 
| 330|0x00000000f4a00000, 0x00000000f4a00000, 0x00000000f4b00000|  0%| F|  |TAMS 0x00000000f4a00000, 0x00000000f4a00000| Untracked 
| 331|0x00000000f4b00000, 0x00000000f4b00000, 0x00000000f4c00000|  0%| F|  |TAMS 0x00000000f4b00000, 0x00000000f4b00000| Untracked 
| 332|0x00000000f4c00000, 0x00000000f4c00000, 0x00000000f4d00000|  0%| F|  |TAMS 0x00000000f4c00000, 0x00000000f4c00000| Untracked 
| 333|0x00000000f4d00000, 0x00000000f4d00000, 0x00000000f4e00000|  0%| F|  |TAMS 0x00000000f4d00000, 0x00000000f4d00000| Untracked 
| 334|0x00000000f4e00000, 0x00000000f4e00000, 0x00000000f4f00000|  0%| F|  |TAMS 0x00000000f4e00000, 0x00000000f4e00000| Untracked 
| 335|0x00000000f4f00000, 0x00000000f4f00000, 0x00000000f5000000|  0%| F|  |TAMS 0x00000000f4f00000, 0x00000000f4f00000| Untracked 
| 336|0x00000000f5000000, 0x00000000f5000000, 0x00000000f5100000|  0%| F|  |TAMS 0x00000000f5000000, 0x00000000f5000000| Untracked 
| 337|0x00000000f5100000, 0x00000000f5100000, 0x00000000f5200000|  0%| F|  |TAMS 0x00000000f5100000, 0x00000000f5100000| Untracked 
| 338|0x00000000f5200000, 0x00000000f5200000, 0x00000000f5300000|  0%| F|  |TAMS 0x00000000f5200000, 0x00000000f5200000| Untracked 
| 339|0x00000000f5300000, 0x00000000f5300000, 0x00000000f5400000|  0%| F|  |TAMS 0x00000000f5300000, 0x00000000f5300000| Untracked 
| 340|0x00000000f5400000, 0x00000000f5400000, 0x00000000f5500000|  0%| F|  |TAMS 0x00000000f5400000, 0x00000000f5400000| Untracked 
| 341|0x00000000f5500000, 0x00000000f5500000, 0x00000000f5600000|  0%| F|  |TAMS 0x00000000f5500000, 0x00000000f5500000| Untracked 
| 342|0x00000000f5600000, 0x00000000f5600000, 0x00000000f5700000|  0%| F|  |TAMS 0x00000000f5600000, 0x00000000f5600000| Untracked 
| 343|0x00000000f5700000, 0x00000000f5700000, 0x00000000f5800000|  0%| F|  |TAMS 0x00000000f5700000, 0x00000000f5700000| Untracked 
| 344|0x00000000f5800000, 0x00000000f5800000, 0x00000000f5900000|  0%| F|  |TAMS 0x00000000f5800000, 0x00000000f5800000| Untracked 
| 345|0x00000000f5900000, 0x00000000f5900000, 0x00000000f5a00000|  0%| F|  |TAMS 0x00000000f5900000, 0x00000000f5900000| Untracked 
| 346|0x00000000f5a00000, 0x00000000f5a00000, 0x00000000f5b00000|  0%| F|  |TAMS 0x00000000f5a00000, 0x00000000f5a00000| Untracked 
| 347|0x00000000f5b00000, 0x00000000f5b00000, 0x00000000f5c00000|  0%| F|  |TAMS 0x00000000f5b00000, 0x00000000f5b00000| Untracked 
| 348|0x00000000f5c00000, 0x00000000f5c00000, 0x00000000f5d00000|  0%| F|  |TAMS 0x00000000f5c00000, 0x00000000f5c00000| Untracked 
| 349|0x00000000f5d00000, 0x00000000f5d00000, 0x00000000f5e00000|  0%| F|  |TAMS 0x00000000f5d00000, 0x00000000f5d00000| Untracked 
| 350|0x00000000f5e00000, 0x00000000f5e00000, 0x00000000f5f00000|  0%| F|  |TAMS 0x00000000f5e00000, 0x00000000f5e00000| Untracked 
| 351|0x00000000f5f00000, 0x00000000f6000000, 0x00000000f6000000|100%| S|  |TAMS 0x00000000f5f00000, 0x00000000f5f00000| Complete 
| 352|0x00000000f6000000, 0x00000000f6100000, 0x00000000f6100000|100%| S|  |TAMS 0x00000000f6000000, 0x00000000f6000000| Complete 
| 353|0x00000000f6100000, 0x00000000f6200000, 0x00000000f6200000|100%| S|  |TAMS 0x00000000f6100000, 0x00000000f6100000| Complete 
| 354|0x00000000f6200000, 0x00000000f6300000, 0x00000000f6300000|100%| E|CS|TAMS 0x00000000f6200000, 0x00000000f6200000| Complete 
| 355|0x00000000f6300000, 0x00000000f6400000, 0x00000000f6400000|100%| E|CS|TAMS 0x00000000f6300000, 0x00000000f6300000| Complete 
| 356|0x00000000f6400000, 0x00000000f6500000, 0x00000000f6500000|100%| E|CS|TAMS 0x00000000f6400000, 0x00000000f6400000| Complete 
| 357|0x00000000f6500000, 0x00000000f6600000, 0x00000000f6600000|100%| E|CS|TAMS 0x00000000f6500000, 0x00000000f6500000| Complete 
| 358|0x00000000f6600000, 0x00000000f6700000, 0x00000000f6700000|100%| E|CS|TAMS 0x00000000f6600000, 0x00000000f6600000| Complete 
| 359|0x00000000f6700000, 0x00000000f6800000, 0x00000000f6800000|100%| E|CS|TAMS 0x00000000f6700000, 0x00000000f6700000| Complete 
| 360|0x00000000f6800000, 0x00000000f6900000, 0x00000000f6900000|100%| E|CS|TAMS 0x00000000f6800000, 0x00000000f6800000| Complete 

Card table byte_map: [0x0000022b3a800000,0x0000022b3a900000] _byte_map_base: 0x0000022b3a100000

Marking Bits (Prev, Next): (CMBitMap*) 0x0000022b23113de0, (CMBitMap*) 0x0000022b23113da8
 Prev Bits: [0x0000022b3b200000, 0x0000022b3ba00000)
 Next Bits: [0x0000022b3aa00000, 0x0000022b3b200000)

Polling page: 0x0000022b20ee0000

Metaspace:

Usage:
  Non-class:    145.51 MB capacity,   142.41 MB ( 98%) used,     2.56 MB (  2%) free+waste,   555.38 KB ( <1%) overhead. 
      Class:     22.05 MB capacity,    20.03 MB ( 91%) used,     1.78 MB (  8%) free+waste,   243.44 KB (  1%) overhead. 
       Both:    167.56 MB capacity,   162.44 MB ( 97%) used,     4.34 MB (  3%) free+waste,   798.81 KB ( <1%) overhead. 

Virtual space:
  Non-class space:      146.00 MB reserved,     145.67 MB (>99%) committed 
      Class space:      248.00 MB reserved,      22.13 MB (  9%) committed 
             Both:      394.00 MB reserved,     167.79 MB ( 43%) committed 

Chunk freelists:
   Non-Class:  32.00 KB
       Class:  79.00 KB
        Both:  111.00 KB

MaxMetaspaceSize: 256.00 MB
CompressedClassSpaceSize: 248.00 MB

CodeHeap 'non-profiled nmethods': size=120064Kb used=23982Kb max_used=23982Kb free=96081Kb
 bounds [0x0000022b332c0000, 0x0000022b34a50000, 0x0000022b3a800000]
CodeHeap 'profiled nmethods': size=120000Kb used=70285Kb max_used=70285Kb free=49714Kb
 bounds [0x0000022b2bd90000, 0x0000022b30320000, 0x0000022b332c0000]
CodeHeap 'non-nmethods': size=5696Kb used=2368Kb max_used=2464Kb free=3327Kb
 bounds [0x0000022b2b800000, 0x0000022b2ba70000, 0x0000022b2bd90000]
 total_blobs=29963 nmethods=28972 adapters=900
 compilation: enabled
              stopped_count=0, restarted_count=0
 full_count=0

Compilation events (20 events):
Event: 3538.812 Thread 0x0000022b3e043800 34671       3       com.android.tools.r8.ir.regalloc.j::a (523 bytes)
Event: 3538.814 Thread 0x0000022b3e03f000 nmethod 34665 0x0000022b340ec710 code [0x0000022b340ec8a0, 0x0000022b340ecb38]
Event: 3538.814 Thread 0x0000022b3e03f000 34669       4       com.android.tools.r8.ir.optimize.a0::b (114 bytes)
Event: 3538.817 Thread 0x0000022b3e043800 nmethod 34671 0x0000022b2edeb790 code [0x0000022b2edebda0, 0x0000022b2edef858]
Event: 3538.817 Thread 0x0000022b3e043800 34674 %     3       java.lang.Long::toString @ 61 (139 bytes)
Event: 3538.818 Thread 0x0000022b3e043800 nmethod 34674% 0x0000022b2da17190 code [0x0000022b2da173c0, 0x0000022b2da17cd8]
Event: 3538.818 Thread 0x0000022b3e043800 34675       2       com.android.tools.r8.graph.l0$i::N (1 bytes)
Event: 3538.818 Thread 0x0000022b3e043800 nmethod 34675 0x0000022b2d843090 code [0x0000022b2d843240, 0x0000022b2d843338]
Event: 3538.836 Thread 0x0000022b3e03f000 nmethod 34669 0x0000022b34248f10 code [0x0000022b34249120, 0x0000022b34249988]
Event: 3538.836 Thread 0x0000022b3e03f000 34681       4       com.android.tools.r8.s.a.p.t::a (119 bytes)
Event: 3538.892 Thread 0x0000022b3e043800 34682       2       com.android.tools.r8.graph.e1::a (104 bytes)
Event: 3538.893 Thread 0x0000022b3e043800 nmethod 34682 0x0000022b2d88de90 code [0x0000022b2d88e0e0, 0x0000022b2d88e5d8]
Event: 3538.985 Thread 0x0000022b3e043800 34688       2       com.android.tools.r8.t.a.a.a.h.N::g (323 bytes)
Event: 3538.986 Thread 0x0000022b3e043800 nmethod 34688 0x0000022b2daeeb90 code [0x0000022b2daeede0, 0x0000022b2daef7f8]
Event: 3538.999 Thread 0x0000022b3e043800 34689       2       com.android.tools.r8.q.a.a.b.u0$a::b (8 bytes)
Event: 3538.999 Thread 0x0000022b3e043800 nmethod 34689 0x0000022b2d842d10 code [0x0000022b2d842ec0, 0x0000022b2d842fe8]
Event: 3538.999 Thread 0x0000022b3e043800 34690       2       com.android.tools.r8.t.a.a.a.h.K::a (147 bytes)
Event: 3539.000 Thread 0x0000022b3e043800 nmethod 34690 0x0000022b2d8bc110 code [0x0000022b2d8bc320, 0x0000022b2d8bc9a8]
Event: 3539.000 Thread 0x0000022b3e043800 34691       2       org.gradle.internal.classpath.Instrumented::systemProperty (7 bytes)
Event: 3539.001 Thread 0x0000022b3e043800 nmethod 34691 0x0000022b2d864590 code [0x0000022b2d8647a0, 0x0000022b2d864b48]

GC Heap History (20 events):
Event: 3532.484 GC heap after
{Heap after GC invocations=110 (full 0):
 garbage-first heap   total 369664K, used 178826K [0x00000000e0000000, 0x0000000100000000)
  region size 1024K, 5 young (5120K), 5 survivors (5120K)
 Metaspace       used 166110K, capacity 171406K, committed 171564K, reserved 403456K
  class space    used 20497K, capacity 22573K, committed 22656K, reserved 253952K
}
Event: 3532.564 GC heap before
{Heap before GC invocations=110 (full 0):
 garbage-first heap   total 369664K, used 192138K [0x00000000e0000000, 0x0000000100000000)
  region size 1024K, 18 young (18432K), 5 survivors (5120K)
 Metaspace       used 166111K, capacity 171407K, committed 171564K, reserved 403456K
  class space    used 20497K, capacity 22573K, committed 22656K, reserved 253952K
}
Event: 3532.591 GC heap after
{Heap after GC invocations=111 (full 0):
 garbage-first heap   total 369664K, used 174211K [0x00000000e0000000, 0x0000000100000000)
  region size 1024K, 1 young (1024K), 1 survivors (1024K)
 Metaspace       used 166111K, capacity 171407K, committed 171564K, reserved 403456K
  class space    used 20497K, capacity 22573K, committed 22656K, reserved 253952K
}
Event: 3533.374 GC heap before
{Heap before GC invocations=111 (full 0):
 garbage-first heap   total 369664K, used 307331K [0x00000000e0000000, 0x0000000100000000)
  region size 1024K, 131 young (134144K), 1 survivors (1024K)
 Metaspace       used 166123K, capacity 171407K, committed 171564K, reserved 403456K
  class space    used 20497K, capacity 22573K, committed 22656K, reserved 253952K
}
Event: 3533.388 GC heap after
{Heap after GC invocations=112 (full 0):
 garbage-first heap   total 369664K, used 176570K [0x00000000e0000000, 0x0000000100000000)
  region size 1024K, 4 young (4096K), 4 survivors (4096K)
 Metaspace       used 166123K, capacity 171407K, committed 171564K, reserved 403456K
  class space    used 20497K, capacity 22573K, committed 22656K, reserved 253952K
}
Event: 3534.805 GC heap before
{Heap before GC invocations=113 (full 0):
 garbage-first heap   total 369664K, used 309690K [0x00000000e0000000, 0x0000000100000000)
  region size 1024K, 134 young (137216K), 4 survivors (4096K)
 Metaspace       used 166128K, capacity 171407K, committed 171564K, reserved 403456K
  class space    used 20497K, capacity 22573K, committed 22656K, reserved 253952K
}
Event: 3534.818 GC heap after
{Heap after GC invocations=114 (full 0):
 garbage-first heap   total 369664K, used 177884K [0x00000000e0000000, 0x0000000100000000)
  region size 1024K, 5 young (5120K), 5 survivors (5120K)
 Metaspace       used 166128K, capacity 171407K, committed 171564K, reserved 403456K
  class space    used 20497K, capacity 22573K, committed 22656K, reserved 253952K
}
Event: 3534.886 GC heap before
{Heap before GC invocations=114 (full 0):
 garbage-first heap   total 369664K, used 191196K [0x00000000e0000000, 0x0000000100000000)
  region size 1024K, 18 young (18432K), 5 survivors (5120K)
 Metaspace       used 166128K, capacity 171407K, committed 171564K, reserved 403456K
  class space    used 20497K, capacity 22573K, committed 22656K, reserved 253952K
}
Event: 3534.908 GC heap after
{Heap after GC invocations=115 (full 0):
 garbage-first heap   total 369664K, used 175429K [0x00000000e0000000, 0x0000000100000000)
  region size 1024K, 1 young (1024K), 1 survivors (1024K)
 Metaspace       used 166128K, capacity 171407K, committed 171564K, reserved 403456K
  class space    used 20497K, capacity 22573K, committed 22656K, reserved 253952K
}
Event: 3535.607 GC heap before
{Heap before GC invocations=115 (full 0):
 garbage-first heap   total 369664K, used 311621K [0x00000000e0000000, 0x0000000100000000)
  region size 1024K, 134 young (137216K), 1 survivors (1024K)
 Metaspace       used 166168K, capacity 171413K, committed 171564K, reserved 403456K
  class space    used 20505K, capacity 22575K, committed 22656K, reserved 253952K
}
Event: 3535.619 GC heap after
{Heap after GC invocations=116 (full 0):
 garbage-first heap   total 369664K, used 177091K [0x00000000e0000000, 0x0000000100000000)
  region size 1024K, 3 young (3072K), 3 survivors (3072K)
 Metaspace       used 166168K, capacity 171413K, committed 171564K, reserved 403456K
  class space    used 20505K, capacity 22575K, committed 22656K, reserved 253952K
}
Event: 3536.894 GC heap before
{Heap before GC invocations=117 (full 0):
 garbage-first heap   total 369664K, used 314307K [0x00000000e0000000, 0x0000000100000000)
  region size 1024K, 137 young (140288K), 3 survivors (3072K)
 Metaspace       used 166184K, capacity 171477K, committed 171820K, reserved 403456K
  class space    used 20505K, capacity 22575K, committed 22656K, reserved 253952K
}
Event: 3536.907 GC heap after
{Heap after GC invocations=118 (full 0):
 garbage-first heap   total 369664K, used 178599K [0x00000000e0000000, 0x0000000100000000)
  region size 1024K, 4 young (4096K), 4 survivors (4096K)
 Metaspace       used 166184K, capacity 171477K, committed 171820K, reserved 403456K
  class space    used 20505K, capacity 22575K, committed 22656K, reserved 253952K
}
Event: 3537.012 GC heap before
{Heap before GC invocations=118 (full 0):
 garbage-first heap   total 369664K, used 192935K [0x00000000e0000000, 0x0000000100000000)
  region size 1024K, 18 young (18432K), 4 survivors (4096K)
 Metaspace       used 166184K, capacity 171477K, committed 171820K, reserved 403456K
  class space    used 20505K, capacity 22575K, committed 22656K, reserved 253952K
}
Event: 3537.026 GC heap after
{Heap after GC invocations=119 (full 0):
 garbage-first heap   total 369664K, used 177197K [0x00000000e0000000, 0x0000000100000000)
  region size 1024K, 1 young (1024K), 1 survivors (1024K)
 Metaspace       used 166184K, capacity 171477K, committed 171820K, reserved 403456K
  class space    used 20505K, capacity 22575K, committed 22656K, reserved 253952K
}
Event: 3537.537 GC heap before
{Heap before GC invocations=119 (full 0):
 garbage-first heap   total 369664K, used 261165K [0x00000000e0000000, 0x0000000100000000)
  region size 1024K, 84 young (86016K), 1 survivors (1024K)
 Metaspace       used 166284K, capacity 171572K, committed 171820K, reserved 403456K
  class space    used 20505K, capacity 22575K, committed 22656K, reserved 253952K
}
Event: 3537.560 GC heap after
{Heap after GC invocations=120 (full 0):
 garbage-first heap   total 369664K, used 180694K [0x00000000e0000000, 0x0000000100000000)
  region size 1024K, 5 young (5120K), 5 survivors (5120K)
 Metaspace       used 166284K, capacity 171572K, committed 171820K, reserved 403456K
  class space    used 20505K, capacity 22575K, committed 22656K, reserved 253952K
}
Event: 3538.950 GC heap before
{Heap before GC invocations=121 (full 0):
 garbage-first heap   total 369664K, used 310742K [0x00000000e0000000, 0x0000000100000000)
  region size 1024K, 132 young (135168K), 5 survivors (5120K)
 Metaspace       used 166333K, capacity 171581K, committed 171820K, reserved 403456K
  class space    used 20507K, capacity 22577K, committed 22656K, reserved 253952K
}
Event: 3538.970 GC heap after
{Heap after GC invocations=122 (full 0):
 garbage-first heap   total 369664K, used 186878K [0x00000000e0000000, 0x0000000100000000)
  region size 1024K, 11 young (11264K), 11 survivors (11264K)
 Metaspace       used 166333K, capacity 171581K, committed 171820K, reserved 403456K
  class space    used 20507K, capacity 22577K, committed 22656K, reserved 253952K
}
Event: 3539.011 GC heap before
{Heap before GC invocations=122 (full 0):
 garbage-first heap   total 369664K, used 193022K [0x00000000e0000000, 0x0000000100000000)
  region size 1024K, 18 young (18432K), 11 survivors (11264K)
 Metaspace       used 166334K, capacity 171581K, committed 171820K, reserved 403456K
  class space    used 20507K, capacity 22577K, committed 22656K, reserved 253952K
}

Deoptimization events (20 events):
Event: 3538.870 Thread 0x0000022b45892000 DEOPT PACKING pc=0x0000022b2bef92e1 sp=0x000000ff494fa7d0
Event: 3538.870 Thread 0x0000022b45892000 DEOPT UNPACKING pc=0x0000022b2b826d5e sp=0x000000ff494f9cc0 mode 0
Event: 3538.873 Thread 0x0000022b45892000 DEOPT PACKING pc=0x0000022b301817c8 sp=0x000000ff494fa7e0
Event: 3538.873 Thread 0x0000022b45892000 DEOPT UNPACKING pc=0x0000022b2b826d5e sp=0x000000ff494f9cc8 mode 0
Event: 3538.878 Thread 0x0000022b45892000 DEOPT PACKING pc=0x0000022b301817c8 sp=0x000000ff494fa7e0
Event: 3538.878 Thread 0x0000022b45892000 DEOPT UNPACKING pc=0x0000022b2b826d5e sp=0x000000ff494f9cc8 mode 0
Event: 3538.885 Thread 0x0000022b45892000 DEOPT PACKING pc=0x0000022b2bef92e1 sp=0x000000ff494fa7d0
Event: 3538.885 Thread 0x0000022b45892000 DEOPT UNPACKING pc=0x0000022b2b826d5e sp=0x000000ff494f9cc0 mode 0
Event: 3538.886 Thread 0x0000022b45892000 DEOPT PACKING pc=0x0000022b301817c8 sp=0x000000ff494fa7e0
Event: 3538.886 Thread 0x0000022b45892000 DEOPT UNPACKING pc=0x0000022b2b826d5e sp=0x000000ff494f9cc8 mode 0
Event: 3538.888 Thread 0x0000022b45892000 DEOPT PACKING pc=0x0000022b301817c8 sp=0x000000ff494fa7e0
Event: 3538.888 Thread 0x0000022b45892000 DEOPT UNPACKING pc=0x0000022b2b826d5e sp=0x000000ff494f9cc8 mode 0
Event: 3538.889 Thread 0x0000022b45892000 DEOPT PACKING pc=0x0000022b2bef92e1 sp=0x000000ff494fa7d0
Event: 3538.889 Thread 0x0000022b45892000 DEOPT UNPACKING pc=0x0000022b2b826d5e sp=0x000000ff494f9cc0 mode 0
Event: 3538.891 Thread 0x0000022b45892000 DEOPT PACKING pc=0x0000022b2bef92e1 sp=0x000000ff494fa7d0
Event: 3538.891 Thread 0x0000022b45892000 DEOPT UNPACKING pc=0x0000022b2b826d5e sp=0x000000ff494f9cc0 mode 0
Event: 3538.905 Thread 0x0000022b45896000 DEOPT PACKING pc=0x0000022b2feede01 sp=0x000000ff49cfb7e0
Event: 3538.905 Thread 0x0000022b45896000 DEOPT UNPACKING pc=0x0000022b2b826d5e sp=0x000000ff49cfad20 mode 0
Event: 3538.908 Thread 0x0000022b4588f800 DEOPT PACKING pc=0x0000022b2feeddb5 sp=0x000000ff49bfb4c0
Event: 3538.908 Thread 0x0000022b4588f800 DEOPT UNPACKING pc=0x0000022b2b826d5e sp=0x000000ff49bfa9f8 mode 0

Classes redefined (0 events):
No events

Internal exceptions (20 events):
Event: 3525.483 Thread 0x0000022b4588f800 Exception <a 'sun/nio/fs/WindowsException'{0x00000000f3aa80a8}> (0x00000000f3aa80a8) thrown at [./src/hotspot/share/prims/jni.cpp, line 615]
Event: 3525.521 Thread 0x0000022b45896000 Exception <a 'sun/nio/fs/WindowsException'{0x00000000f3672df8}> (0x00000000f3672df8) thrown at [./src/hotspot/share/prims/jni.cpp, line 615]
Event: 3525.599 Thread 0x0000022b45892000 Exception <a 'sun/nio/fs/WindowsException'{0x00000000f2987138}> (0x00000000f2987138) thrown at [./src/hotspot/share/prims/jni.cpp, line 615]
Event: 3525.608 Thread 0x0000022b45896000 Exception <a 'sun/nio/fs/WindowsException'{0x00000000f288f8a8}> (0x00000000f288f8a8) thrown at [./src/hotspot/share/prims/jni.cpp, line 615]
Event: 3525.699 Thread 0x0000022b45896000 Exception <a 'sun/nio/fs/WindowsException'{0x00000000f1fc5020}> (0x00000000f1fc5020) thrown at [./src/hotspot/share/prims/jni.cpp, line 615]
Event: 3525.878 Thread 0x0000022b45896000 Exception <a 'sun/nio/fs/WindowsException'{0x00000000f0b19910}> (0x00000000f0b19910) thrown at [./src/hotspot/share/prims/jni.cpp, line 615]
Event: 3526.109 Thread 0x0000022b45896000 Exception <a 'sun/nio/fs/WindowsException'{0x00000000ee47eb80}> (0x00000000ee47eb80) thrown at [./src/hotspot/share/prims/jni.cpp, line 615]
Event: 3526.336 Thread 0x0000022b45892000 Exception <a 'sun/nio/fs/WindowsException'{0x00000000f5df7e08}> (0x00000000f5df7e08) thrown at [./src/hotspot/share/prims/jni.cpp, line 615]
Event: 3528.035 Thread 0x0000022b4588f800 Exception <a 'sun/nio/fs/WindowsException'{0x00000000f2c1ddb8}> (0x00000000f2c1ddb8) thrown at [./src/hotspot/share/prims/jni.cpp, line 615]
Event: 3531.048 Thread 0x0000022b45896000 Implicit null exception at 0x0000022b34073dc8 to 0x0000022b340743a8
Event: 3537.887 Thread 0x0000022b45896000 Exception <a 'sun/nio/fs/WindowsException'{0x00000000f5f17f88}> (0x00000000f5f17f88) thrown at [./src/hotspot/share/prims/jni.cpp, line 615]
Event: 3537.948 Thread 0x0000022b4588f800 Exception <a 'sun/nio/fs/WindowsException'{0x00000000f55e9880}> (0x00000000f55e9880) thrown at [./src/hotspot/share/prims/jni.cpp, line 615]
Event: 3538.096 Thread 0x0000022b45896000 Exception <a 'sun/nio/fs/WindowsException'{0x00000000f58684e8}> (0x00000000f58684e8) thrown at [./src/hotspot/share/prims/jni.cpp, line 615]
Event: 3538.615 Thread 0x0000022b45896000 Exception <a 'sun/nio/fs/WindowsException'{0x00000000f1b66bd0}> (0x00000000f1b66bd0) thrown at [./src/hotspot/share/prims/jni.cpp, line 615]
Event: 3538.615 Thread 0x0000022b4588f800 Exception <a 'sun/nio/fs/WindowsException'{0x00000000f1a7e950}> (0x00000000f1a7e950) thrown at [./src/hotspot/share/prims/jni.cpp, line 615]
Event: 3538.679 Thread 0x0000022b4588f800 Exception <a 'sun/nio/fs/WindowsException'{0x00000000f0a652f8}> (0x00000000f0a652f8) thrown at [./src/hotspot/share/prims/jni.cpp, line 615]
Event: 3538.685 Thread 0x0000022b45896000 Exception <a 'sun/nio/fs/WindowsException'{0x00000000f09a74c0}> (0x00000000f09a74c0) thrown at [./src/hotspot/share/prims/jni.cpp, line 615]
Event: 3538.851 Thread 0x0000022b45896000 Exception <a 'sun/nio/fs/WindowsException'{0x00000000ef1db0a0}> (0x00000000ef1db0a0) thrown at [./src/hotspot/share/prims/jni.cpp, line 615]
Event: 3538.853 Thread 0x0000022b4588f800 Exception <a 'sun/nio/fs/WindowsException'{0x00000000eef744f8}> (0x00000000eef744f8) thrown at [./src/hotspot/share/prims/jni.cpp, line 615]
Event: 3538.998 Thread 0x0000022b4588f800 Exception <a 'sun/nio/fs/WindowsException'{0x00000000f6564390}> (0x00000000f6564390) thrown at [./src/hotspot/share/prims/jni.cpp, line 615]

Events (20 events):
Event: 3538.614 Executing VM operation: RevokeBias done
Event: 3538.618 Executing VM operation: RevokeBias
Event: 3538.619 Executing VM operation: RevokeBias done
Event: 3538.632 Executing VM operation: RevokeBias
Event: 3538.633 Executing VM operation: RevokeBias done
Event: 3538.731 Executing VM operation: RevokeBias
Event: 3538.733 Executing VM operation: RevokeBias done
Event: 3538.750 Executing VM operation: RevokeBias
Event: 3538.752 Executing VM operation: RevokeBias done
Event: 3538.880 Executing VM operation: RevokeBias
Event: 3538.880 Executing VM operation: RevokeBias done
Event: 3538.881 Executing VM operation: RevokeBias
Event: 3538.881 Executing VM operation: RevokeBias done
Event: 3538.881 Executing VM operation: RevokeBias
Event: 3538.881 Executing VM operation: RevokeBias done
Event: 3538.882 Executing VM operation: BulkRevokeBias
Event: 3538.884 Executing VM operation: BulkRevokeBias done
Event: 3538.949 Executing VM operation: G1CollectForAllocation
Event: 3538.970 Executing VM operation: G1CollectForAllocation done
Event: 3539.009 Executing VM operation: G1CollectForAllocation


Dynamic libraries:
0x00007ff781390000 - 0x00007ff78139d000 	C:\Program Files\Amazon Corretto\jdk11.0.11_9\bin\java.exe
0x00007ff8acad0000 - 0x00007ff8accc5000 	C:\Windows\SYSTEM32\ntdll.dll
0x00007ff8ac960000 - 0x00007ff8aca1d000 	C:\Windows\System32\KERNEL32.DLL
0x00007ff8aa2a0000 - 0x00007ff8aa569000 	C:\Windows\System32\KERNELBASE.dll
0x00007ff8aa570000 - 0x00007ff8aa670000 	C:\Windows\System32\ucrtbase.dll
0x00007ff8a0fc0000 - 0x00007ff8a0fd9000 	C:\Program Files\Amazon Corretto\jdk11.0.11_9\bin\VCRUNTIME140.dll
0x00007ff8a4030000 - 0x00007ff8a4047000 	C:\Program Files\Amazon Corretto\jdk11.0.11_9\bin\jli.dll
0x00007ff8ac550000 - 0x00007ff8ac6f0000 	C:\Windows\System32\USER32.dll
0x00007ff8aab10000 - 0x00007ff8aab32000 	C:\Windows\System32\win32u.dll
0x00007ff8929d0000 - 0x00007ff892c6a000 	C:\Windows\WinSxS\amd64_microsoft.windows.common-controls_6595b64144ccf1df_6.0.19041.1110_none_60b5254171f9507e\COMCTL32.dll
0x00007ff8ab310000 - 0x00007ff8ab33a000 	C:\Windows\System32\GDI32.dll
0x00007ff8ac380000 - 0x00007ff8ac41e000 	C:\Windows\System32\msvcrt.dll
0x00007ff8aa760000 - 0x00007ff8aa86b000 	C:\Windows\System32\gdi32full.dll
0x00007ff8aa6c0000 - 0x00007ff8aa75d000 	C:\Windows\System32\msvcp_win.dll
0x00007ff8aab40000 - 0x00007ff8aab70000 	C:\Windows\System32\IMM32.DLL
0x00007ff885d60000 - 0x00007ff885dfb000 	C:\Program Files\Amazon Corretto\jdk11.0.11_9\bin\msvcp140.dll
0x00007ff86acd0000 - 0x00007ff86b81c000 	C:\Program Files\Amazon Corretto\jdk11.0.11_9\bin\server\jvm.dll
0x00007ff8ac230000 - 0x00007ff8ac2dc000 	C:\Windows\System32\ADVAPI32.dll
0x00007ff8ab600000 - 0x00007ff8ab69b000 	C:\Windows\System32\sechost.dll
0x00007ff8ac420000 - 0x00007ff8ac54a000 	C:\Windows\System32\RPCRT4.dll
0x00007ff8ac2e0000 - 0x00007ff8ac2e8000 	C:\Windows\System32\PSAPI.DLL
0x00007ff89fed0000 - 0x00007ff89fef7000 	C:\Windows\SYSTEM32\WINMM.dll
0x00007ff8a64d0000 - 0x00007ff8a64d9000 	C:\Windows\SYSTEM32\WSOCK32.dll
0x00007ff8ac820000 - 0x00007ff8ac88b000 	C:\Windows\System32\WS2_32.dll
0x00007ff89af10000 - 0x00007ff89af1a000 	C:\Windows\SYSTEM32\VERSION.dll
0x00007ff8a8320000 - 0x00007ff8a8332000 	C:\Windows\SYSTEM32\kernel.appcore.dll
0x00007ff8a5920000 - 0x00007ff8a5930000 	C:\Program Files\Amazon Corretto\jdk11.0.11_9\bin\verify.dll
0x00007ff88d560000 - 0x00007ff88d744000 	C:\Windows\SYSTEM32\DBGHELP.DLL
0x00007ff8a4b20000 - 0x00007ff8a4b4c000 	C:\Windows\SYSTEM32\dbgcore.DLL
0x00007ff8aaa80000 - 0x00007ff8aab03000 	C:\Windows\System32\bcryptPrimitives.dll
0x00007ff89dd40000 - 0x00007ff89dd68000 	C:\Program Files\Amazon Corretto\jdk11.0.11_9\bin\java.dll
0x00007ff8a53c0000 - 0x00007ff8a53ca000 	C:\Program Files\Amazon Corretto\jdk11.0.11_9\bin\jimage.dll
0x00007ff89d130000 - 0x00007ff89d147000 	C:\Program Files\Amazon Corretto\jdk11.0.11_9\bin\zip.dll
0x00007ff8aab70000 - 0x00007ff8ab2af000 	C:\Windows\System32\SHELL32.dll
0x00007ff8a8340000 - 0x00007ff8a8ad1000 	C:\Windows\SYSTEM32\windows.storage.dll
0x00007ff8abe50000 - 0x00007ff8ac1a5000 	C:\Windows\System32\combase.dll
0x00007ff8a9c80000 - 0x00007ff8a9cac000 	C:\Windows\SYSTEM32\Wldp.dll
0x00007ff8ab550000 - 0x00007ff8ab5fe000 	C:\Windows\System32\SHCORE.dll
0x00007ff8aca30000 - 0x00007ff8aca85000 	C:\Windows\System32\shlwapi.dll
0x00007ff8aa150000 - 0x00007ff8aa16f000 	C:\Windows\SYSTEM32\profapi.dll
0x00007ff89b6d0000 - 0x00007ff89b6e9000 	C:\Program Files\Amazon Corretto\jdk11.0.11_9\bin\net.dll
0x00007ff89f700000 - 0x00007ff89f80a000 	C:\Windows\SYSTEM32\WINHTTP.dll
0x00007ff8a99e0000 - 0x00007ff8a9a4a000 	C:\Windows\system32\mswsock.dll
0x00007ff89afb0000 - 0x00007ff89afc2000 	C:\Program Files\Amazon Corretto\jdk11.0.11_9\bin\nio.dll
0x00007ff890ed0000 - 0x00007ff890ef6000 	C:\Users\E6420\.gradle\native\fdc75f09e3144964f2cf3f50f0aa648679c211496f362492102eb8c894070792\windows-amd64\native-platform.dll
0x00007ff87fd30000 - 0x00007ff87fec1000 	C:\Users\E6420\.gradle\native\12488b8bf47d2d4c9fbf2f6322a914ad602e24e48041cd04a747c6da556b65c4\windows-amd64\native-platform-file-events.dll
0x00007ff8a3f90000 - 0x00007ff8a3f99000 	C:\Program Files\Amazon Corretto\jdk11.0.11_9\bin\management.dll
0x00007ff8a3f10000 - 0x00007ff8a3f1b000 	C:\Program Files\Amazon Corretto\jdk11.0.11_9\bin\management_ext.dll
0x00007ff8a9bc0000 - 0x00007ff8a9bd8000 	C:\Windows\SYSTEM32\CRYPTSP.dll
0x00007ff8a9310000 - 0x00007ff8a9344000 	C:\Windows\system32\rsaenh.dll
0x00007ff8aa210000 - 0x00007ff8aa237000 	C:\Windows\System32\bcrypt.dll
0x00007ff8aa0d0000 - 0x00007ff8aa0fe000 	C:\Windows\SYSTEM32\USERENV.dll
0x00007ff8a9be0000 - 0x00007ff8a9bec000 	C:\Windows\SYSTEM32\CRYPTBASE.dll
0x00007ff8a9680000 - 0x00007ff8a96bb000 	C:\Windows\SYSTEM32\IPHLPAPI.DLL
0x00007ff8abb30000 - 0x00007ff8abb38000 	C:\Windows\System32\NSI.dll
0x00007ff8a1c10000 - 0x00007ff8a1c27000 	C:\Windows\SYSTEM32\dhcpcsvc6.DLL
0x00007ff8a1b40000 - 0x00007ff8a1b5d000 	C:\Windows\SYSTEM32\dhcpcsvc.DLL
0x00007ff8a96d0000 - 0x00007ff8a979c000 	C:\Windows\SYSTEM32\DNSAPI.dll
0x00007ff8a1c30000 - 0x00007ff8a1c3b000 	C:\Windows\SYSTEM32\WINNSI.DLL
0x00007ff89f020000 - 0x00007ff89f02a000 	C:\Windows\System32\rasadhlp.dll
0x00007ff89f680000 - 0x00007ff89f6ff000 	C:\Windows\System32\fwpuclnt.dll
0x00007ff8a3fd0000 - 0x00007ff8a3fde000 	C:\Program Files\Amazon Corretto\jdk11.0.11_9\bin\sunmscapi.dll
0x00007ff8aa920000 - 0x00007ff8aaa7f000 	C:\Windows\System32\CRYPT32.dll
0x00007ff8a9cf0000 - 0x00007ff8a9d17000 	C:\Windows\SYSTEM32\ncrypt.dll
0x00007ff8a9cb0000 - 0x00007ff8a9ceb000 	C:\Windows\SYSTEM32\NTASN1.dll
0x00007ff89dcc0000 - 0x00007ff89dce5000 	C:\Program Files\Amazon Corretto\jdk11.0.11_9\bin\sunec.dll
0x00007ff8a8f40000 - 0x00007ff8a8f73000 	C:\Windows\SYSTEM32\ntmarta.dll
0x00007ff8a7900000 - 0x00007ff8a7990000 	C:\Windows\system32\apphelp.dll

dbghelp: loaded successfully - version: 4.0.5 - missing functions: none
symbol engine: initialized successfully - sym options: 0x614 - pdb path: .;C:\Program Files\Amazon Corretto\jdk11.0.11_9\bin;C:\Windows\SYSTEM32;C:\Windows\WinSxS\amd64_microsoft.windows.common-controls_6595b64144ccf1df_6.0.19041.1110_none_60b5254171f9507e;C:\Program Files\Amazon Corretto\jdk11.0.11_9\bin\server;C:\Users\E6420\.gradle\native\fdc75f09e3144964f2cf3f50f0aa648679c211496f362492102eb8c894070792\windows-amd64;C:\Users\E6420\.gradle\native\12488b8bf47d2d4c9fbf2f6322a914ad602e24e48041cd04a747c6da556b65c4\windows-amd64

VM Arguments:
jvm_args: --add-opens=java.base/java.util=ALL-UNNAMED --add-opens=java.base/java.lang=ALL-UNNAMED --add-opens=java.base/java.lang.invoke=ALL-UNNAMED --add-opens=java.prefs/java.util.prefs=ALL-UNNAMED -XX:MaxMetaspaceSize=256m -XX:+HeapDumpOnOutOfMemoryError -Xms256m -Xmx512m -Dfile.encoding=windows-1252 -Duser.country=US -Duser.language=en -Duser.variant 
java_command: org.gradle.launcher.daemon.bootstrap.GradleDaemon 6.7
java_class_path (initial): C:\Users\E6420\.gradle\wrapper\dists\gradle-6.7-all\cuy9mc7upwgwgeb72wkcrupxe\gradle-6.7\lib\gradle-launcher-6.7.jar
Launcher Type: SUN_STANDARD

[Global flags]
     intx CICompilerCount                          = 3                                         {product} {ergonomic}
   size_t CompressedClassSpaceSize                 = 260046848                                 {product} {ergonomic}
     uint ConcGCThreads                            = 1                                         {product} {ergonomic}
     uint G1ConcRefinementThreads                  = 4                                         {product} {ergonomic}
   size_t G1HeapRegionSize                         = 1048576                                   {product} {ergonomic}
    uintx GCDrainStackTargetSize                   = 64                                        {product} {ergonomic}
     bool HeapDumpOnOutOfMemoryError               = true                                   {manageable} {command line}
   size_t InitialHeapSize                          = 268435456                                 {product} {command line}
   size_t MarkStackSize                            = 4194304                                   {product} {ergonomic}
   size_t MaxHeapSize                              = 536870912                                 {product} {command line}
   size_t MaxMetaspaceSize                         = 268435456                                 {product} {command line}
   size_t MaxNewSize                               = 321912832                                 {product} {ergonomic}
   size_t MinHeapDeltaBytes                        = 1048576                                   {product} {ergonomic}
    uintx NonNMethodCodeHeapSize                   = 5830732                                {pd product} {ergonomic}
    uintx NonProfiledCodeHeapSize                  = 122913754                              {pd product} {ergonomic}
    uintx ProfiledCodeHeapSize                     = 122913754                              {pd product} {ergonomic}
    uintx ReservedCodeCacheSize                    = 251658240                              {pd product} {ergonomic}
     bool SegmentedCodeCache                       = true                                      {product} {ergonomic}
     bool UseCompressedClassPointers               = true                                 {lp64_product} {ergonomic}
     bool UseCompressedOops                        = true                                 {lp64_product} {ergonomic}
     bool UseG1GC                                  = true                                      {product} {ergonomic}
     bool UseLargePagesIndividualAllocation        = false                                  {pd product} {ergonomic}

Logging:
Log output configuration:
 #0: stdout all=warning uptime,level,tags
 #1: stderr all=off uptime,level,tags

Environment Variables:
JAVA_HOME=C:\Program Files\Amazon Corretto\jdk11.0.11_9
CLASSPATH=D:\important\React\reactNative\fbapp\android\\gradle\wrapper\gradle-wrapper.jar
PATH=D:\important\React\reactNative\fbapp\android\node_modules\.bin;D:\important\React\reactNative\fbapp\node_modules\.bin;D:\important\React\reactNative\node_modules\.bin;D:\important\React\node_modules\.bin;D:\important\node_modules\.bin;D:\node_modules\.bin;C:\Program Files\nodejs;D:\important\React\reactNative\fbapp\node_modules\.bin;C:\Program Files (x86)\VMware\VMware Player\bin\;C:\Program Files\Amazon Corretto\jdk11.0.11_9\bin;C:\Python39\Scripts\;C:\Python39\;C:\Program Files (x86)\Common Files\Oracle\Java\javapath;C:\Windows\system32;C:\Windows;C:\Windows\System32\Wbem;C:\Windows\System32\WindowsPowerShell\v1.0\;C:\Program Files\Java\jdk-10.0.2\bin;C:\Program Files\Java\jre-10.0.2\bin;C:\Windows\System32\OpenSSH\;C:\Program Files\nodejs\;C:\ProgramData\chocolatey\bin;C:\Program Files\Git\cmd;C:\Program Files\PuTTY\;C:\Program Files\SourceGear\Common\DiffMerge\;%LOCALAPPDATA%\Android\Sdk\platform-tools;C:\Users\E6420\AppData\Local\Microsoft\WindowsApps;C:\Users\E6420\AppData\Roaming\npm;C:\Users\E6420\AppData\Local\Programs\Microsoft VS Code\bin;D:\fluter Instaltion\flutter\bin;
USERNAME=Asanka Thennakoon
LANG=en_US.UTF-8
OS=Windows_NT
PROCESSOR_IDENTIFIER=Intel64 Family 6 Model 42 Stepping 7, GenuineIntel



---------------  S Y S T E M  ---------------

OS: Windows 10 , 64 bit Build 19041 (10.0.19041.1023)
OS uptime: 9 days 2:01 hours

CPU:total 4 (initial active 4) (2 cores per cpu, 2 threads per core) family 6 model 42 stepping 7 microcode 0x2f, cmov, cx8, fxsr, mmx, sse, sse2, sse3, ssse3, sse4.1, sse4.2, popcnt, avx, aes, clmul, ht, tsc, tscinvbit

Memory: 4k page, system-wide physical 8073M (1717M free)
TotalPageFile size 13246M (AvailPageFile size 1797M)
current process WorkingSet (physical memory assigned to process): 828M, peak: 834M
current process commit charge ("private bytes"): 897M, peak: 908M

vm_info: OpenJDK 64-Bit Server VM (11.0.11+9-LTS) for windows-amd64 JRE (11.0.11+9-LTS), built on Apr 14 2021 00:00:20 by "Administrator" with MS VC++ 15.9 (VS2017)

END.
